{"/home/travis/build/npmtest/node-npmtest-node-restful/test.js":{"path":"/home/travis/build/npmtest/node-npmtest-node-restful/test.js","s":{"1":2,"2":2,"3":2,"4":2,"5":2,"6":2,"7":2,"8":1,"9":2,"10":2,"11":1,"12":1,"13":1,"14":1,"15":2,"16":2,"17":2,"18":2,"19":1,"20":1,"21":2,"22":2,"23":2,"24":1,"25":1,"26":1,"27":1,"28":1,"29":1,"30":1,"31":1,"32":1,"33":1,"34":1,"35":1,"36":1,"37":2,"38":2,"39":1,"40":2,"41":2,"42":1,"43":2,"44":2,"45":1,"46":2,"47":2,"48":1,"49":1,"50":1,"51":1,"52":1},"b":{"1":[2,1,1,1],"2":[1,1,1,1],"3":[1,1],"4":[1,1],"5":[1,1],"6":[1,1],"7":[1,1],"8":[1,1],"9":[1,1,1],"10":[1,1],"11":[1,1],"12":[1,1],"13":[1,1],"14":[1,1],"15":[1,1],"16":[1,1]},"f":{"1":2,"2":2,"3":2,"4":2,"5":2,"6":1,"7":1,"8":2,"9":2,"10":2,"11":2,"12":1},"fnMap":{"1":{"name":"(anonymous_1)","line":12,"loc":{"start":{"line":12,"column":1},"end":{"line":12,"column":13}}},"2":{"name":"(anonymous_2)","line":19,"loc":{"start":{"line":19,"column":5},"end":{"line":19,"column":17}}},"3":{"name":"(anonymous_3)","line":23,"loc":{"start":{"line":23,"column":24},"end":{"line":23,"column":36}}},"4":{"name":"(anonymous_4)","line":61,"loc":{"start":{"line":61,"column":5},"end":{"line":61,"column":17}}},"5":{"name":"(anonymous_5)","line":82,"loc":{"start":{"line":82,"column":5},"end":{"line":82,"column":17}}},"6":{"name":"(anonymous_6)","line":102,"loc":{"start":{"line":102,"column":83},"end":{"line":105,"column":10}},"skip":true},"7":{"name":"(anonymous_7)","line":113,"loc":{"start":{"line":113,"column":77},"end":{"line":116,"column":10}},"skip":true},"8":{"name":"(anonymous_8)","line":129,"loc":{"start":{"line":129,"column":12},"end":{"line":129,"column":40}},"skip":true},"9":{"name":"(anonymous_9)","line":137,"loc":{"start":{"line":137,"column":77},"end":{"line":140,"column":10}},"skip":true},"10":{"name":"(anonymous_10)","line":148,"loc":{"start":{"line":148,"column":83},"end":{"line":151,"column":10}},"skip":true},"11":{"name":"(anonymous_11)","line":159,"loc":{"start":{"line":159,"column":79},"end":{"line":162,"column":10}},"skip":true},"12":{"name":"(anonymous_12)","line":170,"loc":{"start":{"line":170,"column":75},"end":{"line":173,"column":10}},"skip":true}},"statementMap":{"1":{"start":{"line":12,"column":0},"end":{"line":185,"column":5}},"2":{"start":{"line":14,"column":4},"end":{"line":14,"column":14}},"3":{"start":{"line":19,"column":4},"end":{"line":56,"column":9}},"4":{"start":{"line":21,"column":8},"end":{"line":21,"column":19}},"5":{"start":{"line":23,"column":8},"end":{"line":35,"column":13}},"6":{"start":{"line":24,"column":12},"end":{"line":34,"column":13}},"7":{"start":{"line":25,"column":16},"end":{"line":28,"column":30}},"8":{"start":{"line":30,"column":16},"end":{"line":33,"column":27}},"9":{"start":{"line":37,"column":8},"end":{"line":39,"column":21}},"10":{"start":{"line":40,"column":8},"end":{"line":53,"column":9}},"11":{"start":{"line":43,"column":12},"end":{"line":46,"column":14}},"12":{"start":{"line":47,"column":12},"end":{"line":47,"column":18}},"13":{"start":{"line":50,"column":12},"end":{"line":51,"column":46}},"14":{"start":{"line":52,"column":12},"end":{"line":52,"column":18}},"15":{"start":{"line":55,"column":8},"end":{"line":55,"column":35}},"16":{"start":{"line":61,"column":4},"end":{"line":63,"column":9}},"17":{"start":{"line":62,"column":8},"end":{"line":62,"column":15}},"18":{"start":{"line":64,"column":4},"end":{"line":77,"column":5}},"19":{"start":{"line":70,"column":8},"end":{"line":70,"column":14}},"20":{"start":{"line":76,"column":8},"end":{"line":76,"column":14}},"21":{"start":{"line":82,"column":4},"end":{"line":84,"column":9}},"22":{"start":{"line":83,"column":8},"end":{"line":83,"column":15}},"23":{"start":{"line":85,"column":4},"end":{"line":184,"column":5}},"24":{"start":{"line":92,"column":8},"end":{"line":94,"column":63}},"25":{"start":{"line":95,"column":8},"end":{"line":95,"column":14}},"26":{"start":{"line":102,"column":8},"end":{"line":111,"column":10},"skip":true},"27":{"start":{"line":109,"column":12},"end":{"line":109,"column":55},"skip":true},"28":{"start":{"line":110,"column":12},"end":{"line":110,"column":48},"skip":true},"29":{"start":{"line":113,"column":8},"end":{"line":126,"column":10},"skip":true},"30":{"start":{"line":120,"column":12},"end":{"line":120,"column":76},"skip":true},"31":{"start":{"line":121,"column":12},"end":{"line":121,"column":73},"skip":true},"32":{"start":{"line":122,"column":12},"end":{"line":122,"column":74},"skip":true},"33":{"start":{"line":123,"column":12},"end":{"line":123,"column":79},"skip":true},"34":{"start":{"line":124,"column":12},"end":{"line":124,"column":25},"skip":true},"35":{"start":{"line":125,"column":12},"end":{"line":125,"column":45},"skip":true},"36":{"start":{"line":128,"column":8},"end":{"line":135,"column":14},"skip":true},"37":{"start":{"line":133,"column":16},"end":{"line":133,"column":29},"skip":true},"38":{"start":{"line":134,"column":16},"end":{"line":134,"column":55},"skip":true},"39":{"start":{"line":137,"column":8},"end":{"line":146,"column":10},"skip":true},"40":{"start":{"line":144,"column":12},"end":{"line":144,"column":25},"skip":true},"41":{"start":{"line":145,"column":12},"end":{"line":145,"column":45},"skip":true},"42":{"start":{"line":148,"column":8},"end":{"line":157,"column":10},"skip":true},"43":{"start":{"line":155,"column":12},"end":{"line":155,"column":25},"skip":true},"44":{"start":{"line":156,"column":12},"end":{"line":156,"column":48},"skip":true},"45":{"start":{"line":159,"column":8},"end":{"line":168,"column":10},"skip":true},"46":{"start":{"line":166,"column":12},"end":{"line":166,"column":25},"skip":true},"47":{"start":{"line":167,"column":12},"end":{"line":167,"column":46},"skip":true},"48":{"start":{"line":170,"column":8},"end":{"line":179,"column":10},"skip":true},"49":{"start":{"line":177,"column":12},"end":{"line":177,"column":94},"skip":true},"50":{"start":{"line":178,"column":12},"end":{"line":178,"column":48},"skip":true},"51":{"start":{"line":182,"column":8},"end":{"line":182,"column":35},"skip":true},"52":{"start":{"line":183,"column":8},"end":{"line":183,"column":14},"skip":true}},"branchMap":{"1":{"line":25,"type":"binary-expr","locations":[{"start":{"line":25,"column":23},"end":{"line":25,"column":62}},{"start":{"line":26,"column":20},"end":{"line":26,"column":70}},{"start":{"line":27,"column":20},"end":{"line":27,"column":71}},{"start":{"line":28,"column":20},"end":{"line":28,"column":29}}]},"2":{"line":30,"type":"binary-expr","locations":[{"start":{"line":30,"column":23},"end":{"line":30,"column":37}},{"start":{"line":31,"column":20},"end":{"line":31,"column":61}},{"start":{"line":32,"column":20},"end":{"line":32,"column":70}},{"start":{"line":33,"column":20},"end":{"line":33,"column":26}}]},"3":{"line":37,"type":"cond-expr","locations":[{"start":{"line":38,"column":14},"end":{"line":38,"column":20}},{"start":{"line":39,"column":14},"end":{"line":39,"column":20}}]},"4":{"line":40,"type":"switch","locations":[{"start":{"line":42,"column":8},"end":{"line":47,"column":18}},{"start":{"line":49,"column":8},"end":{"line":52,"column":18}}]},"5":{"line":44,"type":"binary-expr","locations":[{"start":{"line":44,"column":16},"end":{"line":44,"column":44}},{"start":{"line":44,"column":48},"end":{"line":44,"column":66}}]},"6":{"line":50,"type":"binary-expr","locations":[{"start":{"line":50,"column":21},"end":{"line":50,"column":49}},{"start":{"line":50,"column":53},"end":{"line":50,"column":72}}]},"7":{"line":64,"type":"switch","locations":[{"start":{"line":69,"column":4},"end":{"line":70,"column":14}},{"start":{"line":75,"column":4},"end":{"line":76,"column":14}}]},"8":{"line":85,"type":"switch","locations":[{"start":{"line":90,"column":4},"end":{"line":95,"column":14}},{"start":{"line":101,"column":4},"end":{"line":183,"column":14},"skip":true}]},"9":{"line":92,"type":"binary-expr","locations":[{"start":{"line":92,"column":18},"end":{"line":92,"column":32}},{"start":{"line":93,"column":12},"end":{"line":93,"column":53}},{"start":{"line":94,"column":12},"end":{"line":94,"column":61}}]},"10":{"line":102,"type":"binary-expr","locations":[{"start":{"line":102,"column":45},"end":{"line":102,"column":79},"skip":true},{"start":{"line":102,"column":83},"end":{"line":111,"column":9},"skip":true}]},"11":{"line":113,"type":"binary-expr","locations":[{"start":{"line":113,"column":42},"end":{"line":113,"column":73},"skip":true},{"start":{"line":113,"column":77},"end":{"line":126,"column":9},"skip":true}]},"12":{"line":128,"type":"binary-expr","locations":[{"start":{"line":128,"column":48},"end":{"line":128,"column":85},"skip":true},{"start":{"line":129,"column":12},"end":{"line":135,"column":13},"skip":true}]},"13":{"line":137,"type":"binary-expr","locations":[{"start":{"line":137,"column":42},"end":{"line":137,"column":73},"skip":true},{"start":{"line":137,"column":77},"end":{"line":146,"column":9},"skip":true}]},"14":{"line":148,"type":"binary-expr","locations":[{"start":{"line":148,"column":45},"end":{"line":148,"column":79},"skip":true},{"start":{"line":148,"column":83},"end":{"line":157,"column":9},"skip":true}]},"15":{"line":159,"type":"binary-expr","locations":[{"start":{"line":159,"column":43},"end":{"line":159,"column":75},"skip":true},{"start":{"line":159,"column":79},"end":{"line":168,"column":9},"skip":true}]},"16":{"line":170,"type":"binary-expr","locations":[{"start":{"line":170,"column":41},"end":{"line":170,"column":71},"skip":true},{"start":{"line":170,"column":75},"end":{"line":179,"column":9},"skip":true}]}},"code":["/* istanbul instrument in package npmtest_node_restful */","/*jslint","    bitwise: true,","    browser: true,","    maxerr: 8,","    maxlen: 96,","    node: true,","    nomen: true,","    regexp: true,","    stupid: true","*/","(function () {","    'use strict';","    var local;","","","","    // run shared js-env code - pre-init","    (function () {","        // init local","        local = {};","        // init modeJs","        local.modeJs = (function () {","            try {","                return typeof navigator.userAgent === 'string' &&","                    typeof document.querySelector('body') === 'object' &&","                    typeof XMLHttpRequest.prototype.open === 'function' &&","                    'browser';","            } catch (errorCaughtBrowser) {","                return module.exports &&","                    typeof process.versions.node === 'string' &&","                    typeof require('http').createServer === 'function' &&","                    'node';","            }","        }());","        // init global","        local.global = local.modeJs === 'browser'","            ? window","            : global;","        switch (local.modeJs) {","        // re-init local from window.local","        case 'browser':","            local = local.global.utility2.objectSetDefault(","                local.global.utility2_rollup || local.global.local,","                local.global.utility2","            );","            break;","        // re-init local from example.js","        case 'node':","            local = (local.global.utility2_rollup || require('utility2'))","                .requireExampleJsFromReadme();","            break;","        }","        // export local","        local.global.local = local;","    }());","","","","    // run shared js-env code - function","    (function () {","        return;","    }());","    switch (local.modeJs) {","","","","    // run browser js-env code - function","    case 'browser':","        break;","","","","    // run node js-env code - function","    case 'node':","        break;","    }","","","","    // run shared js-env code - post-init","    (function () {","        return;","    }());","    switch (local.modeJs) {","","","","    // run browser js-env code - post-init","    case 'browser':","        // run tests","        local.nop(local.modeTest &&","            document.querySelector('#testRunButton1') &&","            document.querySelector('#testRunButton1').click());","        break;","","","","    // run node js-env code - post-init","    /* istanbul ignore next */","    case 'node':","        local.testCase_buildApidoc_default = local.testCase_buildApidoc_default || function (","            options,","            onError","        ) {","        /*","         * this function will test buildApidoc's default handling-behavior-behavior","         */","            options = { modulePathList: module.paths };","            local.buildApidoc(options, onError);","        };","","        local.testCase_buildApp_default = local.testCase_buildApp_default || function (","            options,","            onError","        ) {","        /*","         * this function will test buildApp's default handling-behavior-behavior","         */","            local.testCase_buildReadme_default(options, local.onErrorThrow);","            local.testCase_buildLib_default(options, local.onErrorThrow);","            local.testCase_buildTest_default(options, local.onErrorThrow);","            local.testCase_buildCustomOrg_default(options, local.onErrorThrow);","            options = [];","            local.buildApp(options, onError);","        };","","        local.testCase_buildCustomOrg_default = local.testCase_buildCustomOrg_default ||","            function (options, onError) {","            /*","             * this function will test buildCustomOrg's default handling-behavior","             */","                options = {};","                local.buildCustomOrg(options, onError);","            };","","        local.testCase_buildLib_default = local.testCase_buildLib_default || function (","            options,","            onError","        ) {","        /*","         * this function will test buildLib's default handling-behavior","         */","            options = {};","            local.buildLib(options, onError);","        };","","        local.testCase_buildReadme_default = local.testCase_buildReadme_default || function (","            options,","            onError","        ) {","        /*","         * this function will test buildReadme's default handling-behavior-behavior","         */","            options = {};","            local.buildReadme(options, onError);","        };","","        local.testCase_buildTest_default = local.testCase_buildTest_default || function (","            options,","            onError","        ) {","        /*","         * this function will test buildTest's default handling-behavior","         */","            options = {};","            local.buildTest(options, onError);","        };","","        local.testCase_webpage_default = local.testCase_webpage_default || function (","            options,","            onError","        ) {","        /*","         * this function will test webpage's default handling-behavior","         */","            options = { modeCoverageMerge: true, url: local.serverLocalHost + '?modeTest=1' };","            local.browserTest(options, onError);","        };","","        // run test-server","        local.testRunServer(local);","        break;","    }","}());",""],"l":{"12":2,"14":2,"19":2,"21":2,"23":2,"24":2,"25":2,"30":1,"37":2,"40":2,"43":1,"47":1,"50":1,"52":1,"55":2,"61":2,"62":2,"64":2,"70":1,"76":1,"82":2,"83":2,"85":2,"92":1,"95":1,"102":1,"109":1,"110":1,"113":1,"120":1,"121":1,"122":1,"123":1,"124":1,"125":1,"128":1,"133":2,"134":2,"137":1,"144":2,"145":2,"148":1,"155":2,"156":2,"159":1,"166":2,"167":2,"170":1,"177":1,"178":1,"182":1,"183":1}},"/home/travis/build/npmtest/node-npmtest-node-restful/lib.npmtest_node_restful.js":{"path":"/home/travis/build/npmtest/node-npmtest-node-restful/lib.npmtest_node_restful.js","s":{"1":2,"2":2,"3":2,"4":2,"5":2,"6":2,"7":2,"8":1,"9":2,"10":2,"11":2,"12":2,"13":1,"14":1,"15":1,"16":1},"b":{"1":[2,1,1,1],"2":[1,1,1,1],"3":[1,1],"4":[2,2],"5":[1,1]},"f":{"1":2,"2":2,"3":2},"fnMap":{"1":{"name":"(anonymous_1)","line":12,"loc":{"start":{"line":12,"column":1},"end":{"line":12,"column":13}}},"2":{"name":"(anonymous_2)","line":19,"loc":{"start":{"line":19,"column":5},"end":{"line":19,"column":17}}},"3":{"name":"(anonymous_3)","line":23,"loc":{"start":{"line":23,"column":24},"end":{"line":23,"column":36}}}},"statementMap":{"1":{"start":{"line":12,"column":0},"end":{"line":53,"column":5}},"2":{"start":{"line":14,"column":4},"end":{"line":14,"column":14}},"3":{"start":{"line":19,"column":4},"end":{"line":52,"column":9}},"4":{"start":{"line":21,"column":8},"end":{"line":21,"column":19}},"5":{"start":{"line":23,"column":8},"end":{"line":35,"column":13}},"6":{"start":{"line":24,"column":12},"end":{"line":34,"column":13}},"7":{"start":{"line":25,"column":16},"end":{"line":28,"column":30}},"8":{"start":{"line":30,"column":16},"end":{"line":33,"column":27}},"9":{"start":{"line":37,"column":8},"end":{"line":39,"column":21}},"10":{"start":{"line":41,"column":8},"end":{"line":41,"column":54}},"11":{"start":{"line":43,"column":8},"end":{"line":43,"column":57}},"12":{"start":{"line":45,"column":8},"end":{"line":51,"column":9}},"13":{"start":{"line":46,"column":12},"end":{"line":46,"column":63}},"14":{"start":{"line":48,"column":12},"end":{"line":48,"column":35}},"15":{"start":{"line":49,"column":12},"end":{"line":49,"column":49}},"16":{"start":{"line":50,"column":12},"end":{"line":50,"column":43}}},"branchMap":{"1":{"line":25,"type":"binary-expr","locations":[{"start":{"line":25,"column":23},"end":{"line":25,"column":62}},{"start":{"line":26,"column":20},"end":{"line":26,"column":70}},{"start":{"line":27,"column":20},"end":{"line":27,"column":71}},{"start":{"line":28,"column":20},"end":{"line":28,"column":29}}]},"2":{"line":30,"type":"binary-expr","locations":[{"start":{"line":30,"column":23},"end":{"line":30,"column":37}},{"start":{"line":31,"column":20},"end":{"line":31,"column":61}},{"start":{"line":32,"column":20},"end":{"line":32,"column":70}},{"start":{"line":33,"column":20},"end":{"line":33,"column":26}}]},"3":{"line":37,"type":"cond-expr","locations":[{"start":{"line":38,"column":14},"end":{"line":38,"column":20}},{"start":{"line":39,"column":14},"end":{"line":39,"column":20}}]},"4":{"line":41,"type":"binary-expr","locations":[{"start":{"line":41,"column":16},"end":{"line":41,"column":44}},{"start":{"line":41,"column":48},"end":{"line":41,"column":53}}]},"5":{"line":45,"type":"if","locations":[{"start":{"line":45,"column":8},"end":{"line":45,"column":8}},{"start":{"line":45,"column":8},"end":{"line":45,"column":8}}]}},"code":["/* istanbul instrument in package npmtest_node_restful */","/*jslint","    bitwise: true,","    browser: true,","    maxerr: 8,","    maxlen: 96,","    node: true,","    nomen: true,","    regexp: true,","    stupid: true","*/","(function () {","    'use strict';","    var local;","","","","    // run shared js-env code - pre-init","    (function () {","        // init local","        local = {};","        // init modeJs","        local.modeJs = (function () {","            try {","                return typeof navigator.userAgent === 'string' &&","                    typeof document.querySelector('body') === 'object' &&","                    typeof XMLHttpRequest.prototype.open === 'function' &&","                    'browser';","            } catch (errorCaughtBrowser) {","                return module.exports &&","                    typeof process.versions.node === 'string' &&","                    typeof require('http').createServer === 'function' &&","                    'node';","            }","        }());","        // init global","        local.global = local.modeJs === 'browser'","            ? window","            : global;","        // init utility2_rollup","        local = local.global.utility2_rollup || local;","        // init lib","        local.local = local.npmtest_node_restful = local;","        // init exports","        if (local.modeJs === 'browser') {","            local.global.utility2_npmtest_node_restful = local;","        } else {","            module.exports = local;","            module.exports.__dirname = __dirname;","            module.exports.module = module;","        }","    }());","}());",""],"l":{"12":2,"14":2,"19":2,"21":2,"23":2,"24":2,"25":2,"30":1,"37":2,"41":2,"43":2,"45":2,"46":1,"48":1,"49":1,"50":1}},"/home/travis/build/npmtest/node-npmtest-node-restful/example.js":{"path":"/home/travis/build/npmtest/node-npmtest-node-restful/example.js","s":{"1":2,"2":2,"3":2,"4":2,"5":2,"6":2,"7":2,"8":1,"9":2,"10":2,"11":2,"12":2,"13":1,"14":2,"15":2,"16":2,"17":2,"18":2,"19":0,"20":2,"21":1,"22":1,"23":1,"24":1,"25":1,"26":0,"27":0,"28":1,"29":1,"30":2,"31":0,"32":0,"33":0,"34":1,"35":2,"36":2,"37":2,"38":2,"39":2,"40":2,"41":0,"42":2,"43":2,"44":2,"45":1,"46":3,"47":1,"48":1,"49":1,"50":1,"51":1,"52":1,"53":1,"54":1,"55":1,"56":1,"57":0,"58":1,"59":6,"60":6,"61":1,"62":2,"63":0,"64":2,"65":1,"66":1,"67":0,"68":0,"69":0,"70":0,"71":0,"72":0,"73":0,"74":0,"75":0,"76":0,"77":0,"78":0,"79":0,"80":0,"81":0,"82":0,"83":0},"b":{"1":[2,1,1,1],"2":[1,1,1,1],"3":[1,1],"4":[2,2],"5":[1,1],"6":[1,1],"7":[2,0],"8":[2,1,1,1,1,1],"9":[0,2,0],"10":[1,1],"11":[2,1,1],"12":[1,0],"13":[0,2],"14":[2,0,0,0,0,0,0],"15":[0,2],"16":[2,0],"17":[1,1],"18":[0,1],"19":[1,2,0,2],"20":[1,0],"21":[1,1],"22":[0,0],"23":[0,0],"24":[0,0],"25":[0,0],"26":[0,0],"27":[0,0],"28":[0,0]},"f":{"1":2,"2":2,"3":2,"4":2,"5":2,"6":2,"7":2,"8":2,"9":3,"10":1,"11":6,"12":0},"fnMap":{"1":{"name":"(anonymous_1)","line":26,"loc":{"start":{"line":26,"column":1},"end":{"line":26,"column":13}}},"2":{"name":"(anonymous_2)","line":33,"loc":{"start":{"line":33,"column":5},"end":{"line":33,"column":17}}},"3":{"name":"(anonymous_3)","line":37,"loc":{"start":{"line":37,"column":24},"end":{"line":37,"column":36}}},"4":{"name":"(anonymous_4)","line":69,"loc":{"start":{"line":69,"column":31},"end":{"line":69,"column":48}},"skip":true},"5":{"name":"(anonymous_5)","line":78,"loc":{"start":{"line":78,"column":26},"end":{"line":78,"column":45}},"skip":true},"6":{"name":"(anonymous_6)","line":123,"loc":{"start":{"line":123,"column":33},"end":{"line":123,"column":48}},"skip":true},"7":{"name":"(anonymous_7)","line":125,"loc":{"start":{"line":125,"column":27},"end":{"line":125,"column":39}},"skip":true},"8":{"name":"(anonymous_8)","line":133,"loc":{"start":{"line":133,"column":59},"end":{"line":133,"column":74}},"skip":true},"9":{"name":"(anonymous_9)","line":143,"loc":{"start":{"line":143,"column":45},"end":{"line":143,"column":62}},"skip":true},"10":{"name":"(anonymous_10)","line":144,"loc":{"start":{"line":144,"column":73},"end":{"line":144,"column":92}},"skip":true},"11":{"name":"(anonymous_11)","line":272,"loc":{"start":{"line":272,"column":51},"end":{"line":272,"column":77}},"skip":true},"12":{"name":"(anonymous_12)","line":314,"loc":{"start":{"line":314,"column":32},"end":{"line":314,"column":61}},"skip":true}},"statementMap":{"1":{"start":{"line":26,"column":0},"end":{"line":325,"column":5}},"2":{"start":{"line":28,"column":4},"end":{"line":28,"column":14}},"3":{"start":{"line":33,"column":4},"end":{"line":60,"column":9}},"4":{"start":{"line":35,"column":8},"end":{"line":35,"column":19}},"5":{"start":{"line":37,"column":8},"end":{"line":49,"column":13}},"6":{"start":{"line":38,"column":12},"end":{"line":48,"column":13}},"7":{"start":{"line":39,"column":16},"end":{"line":42,"column":30}},"8":{"start":{"line":44,"column":16},"end":{"line":47,"column":27}},"9":{"start":{"line":51,"column":8},"end":{"line":53,"column":21}},"10":{"start":{"line":55,"column":8},"end":{"line":57,"column":45}},"11":{"start":{"line":59,"column":8},"end":{"line":59,"column":35}},"12":{"start":{"line":61,"column":4},"end":{"line":324,"column":5}},"13":{"start":{"line":69,"column":8},"end":{"line":121,"column":10},"skip":true},"14":{"start":{"line":70,"column":12},"end":{"line":88,"column":13},"skip":true},"15":{"start":{"line":76,"column":16},"end":{"line":87,"column":19},"skip":true},"16":{"start":{"line":79,"column":20},"end":{"line":86,"column":21},"skip":true},"17":{"start":{"line":82,"column":24},"end":{"line":82,"column":43},"skip":true},"18":{"start":{"line":83,"column":24},"end":{"line":83,"column":30},"skip":true},"19":{"start":{"line":85,"column":24},"end":{"line":85,"column":49},"skip":true},"20":{"start":{"line":89,"column":12},"end":{"line":107,"column":13},"skip":true},"21":{"start":{"line":92,"column":16},"end":{"line":102,"column":17},"skip":true},"22":{"start":{"line":93,"column":20},"end":{"line":93,"column":86},"skip":true},"23":{"start":{"line":94,"column":20},"end":{"line":95,"column":45},"skip":true},"24":{"start":{"line":96,"column":20},"end":{"line":96,"column":42},"skip":true},"25":{"start":{"line":97,"column":20},"end":{"line":97,"column":48},"skip":true},"26":{"start":{"line":100,"column":20},"end":{"line":100,"column":85},"skip":true},"27":{"start":{"line":101,"column":20},"end":{"line":101,"column":96},"skip":true},"28":{"start":{"line":103,"column":16},"end":{"line":103,"column":22},"skip":true},"29":{"start":{"line":106,"column":16},"end":{"line":106,"column":22},"skip":true},"30":{"start":{"line":108,"column":12},"end":{"line":120,"column":13},"skip":true},"31":{"start":{"line":114,"column":16},"end":{"line":119,"column":17},"skip":true},"32":{"start":{"line":116,"column":20},"end":{"line":116,"column":78},"skip":true},"33":{"start":{"line":118,"column":20},"end":{"line":118,"column":47},"skip":true},"34":{"start":{"line":123,"column":8},"end":{"line":141,"column":11},"skip":true},"35":{"start":{"line":124,"column":12},"end":{"line":124,"column":54},"skip":true},"36":{"start":{"line":125,"column":12},"end":{"line":140,"column":14},"skip":true},"37":{"start":{"line":126,"column":16},"end":{"line":126,"column":28},"skip":true},"38":{"start":{"line":127,"column":16},"end":{"line":127,"column":69},"skip":true},"39":{"start":{"line":128,"column":16},"end":{"line":128,"column":75},"skip":true},"40":{"start":{"line":129,"column":16},"end":{"line":131,"column":17},"skip":true},"41":{"start":{"line":130,"column":20},"end":{"line":130,"column":27},"skip":true},"42":{"start":{"line":133,"column":16},"end":{"line":137,"column":36},"skip":true},"43":{"start":{"line":134,"column":20},"end":{"line":136,"column":55},"skip":true},"44":{"start":{"line":139,"column":16},"end":{"line":139,"column":57},"skip":true},"45":{"start":{"line":143,"column":8},"end":{"line":147,"column":11},"skip":true},"46":{"start":{"line":144,"column":12},"end":{"line":146,"column":15},"skip":true},"47":{"start":{"line":145,"column":16},"end":{"line":145,"column":70},"skip":true},"48":{"start":{"line":149,"column":8},"end":{"line":149,"column":31},"skip":true},"49":{"start":{"line":150,"column":8},"end":{"line":150,"column":14},"skip":true},"50":{"start":{"line":158,"column":8},"end":{"line":158,"column":31},"skip":true},"51":{"start":{"line":160,"column":8},"end":{"line":160,"column":33},"skip":true},"52":{"start":{"line":161,"column":8},"end":{"line":161,"column":37},"skip":true},"53":{"start":{"line":162,"column":8},"end":{"line":162,"column":35},"skip":true},"54":{"start":{"line":164,"column":8},"end":{"line":164,"column":50},"skip":true},"55":{"start":{"line":166,"column":8},"end":{"line":256,"column":2},"skip":true},"56":{"start":{"line":258,"column":8},"end":{"line":286,"column":9},"skip":true},"57":{"start":{"line":259,"column":12},"end":{"line":269,"column":14},"skip":true},"58":{"start":{"line":271,"column":12},"end":{"line":285,"column":19},"skip":true},"59":{"start":{"line":274,"column":20},"end":{"line":274,"column":35},"skip":true},"60":{"start":{"line":275,"column":20},"end":{"line":284,"column":21},"skip":true},"61":{"start":{"line":277,"column":24},"end":{"line":277,"column":64},"skip":true},"62":{"start":{"line":279,"column":24},"end":{"line":279,"column":40},"skip":true},"63":{"start":{"line":281,"column":24},"end":{"line":281,"column":40},"skip":true},"64":{"start":{"line":283,"column":24},"end":{"line":283,"column":39},"skip":true},"65":{"start":{"line":288,"column":8},"end":{"line":290,"column":9},"skip":true},"66":{"start":{"line":289,"column":12},"end":{"line":289,"column":18},"skip":true},"67":{"start":{"line":291,"column":8},"end":{"line":293,"column":54},"skip":true},"68":{"start":{"line":294,"column":8},"end":{"line":301,"column":37},"skip":true},"69":{"start":{"line":302,"column":8},"end":{"line":302,"column":82},"skip":true},"70":{"start":{"line":305,"column":8},"end":{"line":307,"column":9},"skip":true},"71":{"start":{"line":306,"column":12},"end":{"line":306,"column":82},"skip":true},"72":{"start":{"line":309,"column":8},"end":{"line":311,"column":9},"skip":true},"73":{"start":{"line":310,"column":12},"end":{"line":310,"column":18},"skip":true},"74":{"start":{"line":312,"column":8},"end":{"line":312,"column":54},"skip":true},"75":{"start":{"line":313,"column":8},"end":{"line":313,"column":69},"skip":true},"76":{"start":{"line":314,"column":8},"end":{"line":322,"column":36},"skip":true},"77":{"start":{"line":315,"column":12},"end":{"line":315,"column":61},"skip":true},"78":{"start":{"line":316,"column":12},"end":{"line":319,"column":13},"skip":true},"79":{"start":{"line":317,"column":16},"end":{"line":317,"column":75},"skip":true},"80":{"start":{"line":318,"column":16},"end":{"line":318,"column":23},"skip":true},"81":{"start":{"line":320,"column":12},"end":{"line":320,"column":38},"skip":true},"82":{"start":{"line":321,"column":12},"end":{"line":321,"column":27},"skip":true},"83":{"start":{"line":323,"column":8},"end":{"line":323,"column":14},"skip":true}},"branchMap":{"1":{"line":39,"type":"binary-expr","locations":[{"start":{"line":39,"column":23},"end":{"line":39,"column":62}},{"start":{"line":40,"column":20},"end":{"line":40,"column":70}},{"start":{"line":41,"column":20},"end":{"line":41,"column":71}},{"start":{"line":42,"column":20},"end":{"line":42,"column":29}}]},"2":{"line":44,"type":"binary-expr","locations":[{"start":{"line":44,"column":23},"end":{"line":44,"column":37}},{"start":{"line":45,"column":20},"end":{"line":45,"column":61}},{"start":{"line":46,"column":20},"end":{"line":46,"column":70}},{"start":{"line":47,"column":20},"end":{"line":47,"column":26}}]},"3":{"line":51,"type":"cond-expr","locations":[{"start":{"line":52,"column":14},"end":{"line":52,"column":20}},{"start":{"line":53,"column":14},"end":{"line":53,"column":20}}]},"4":{"line":55,"type":"binary-expr","locations":[{"start":{"line":55,"column":16},"end":{"line":55,"column":44}},{"start":{"line":55,"column":49},"end":{"line":57,"column":43}}]},"5":{"line":55,"type":"cond-expr","locations":[{"start":{"line":56,"column":14},"end":{"line":56,"column":56}},{"start":{"line":57,"column":14},"end":{"line":57,"column":43}}]},"6":{"line":61,"type":"switch","locations":[{"start":{"line":68,"column":4},"end":{"line":150,"column":14},"skip":true},{"start":{"line":156,"column":4},"end":{"line":323,"column":14},"skip":true}]},"7":{"line":70,"type":"if","locations":[{"start":{"line":70,"column":12},"end":{"line":70,"column":12},"skip":true},{"start":{"line":70,"column":12},"end":{"line":70,"column":12},"skip":true}]},"8":{"line":70,"type":"binary-expr","locations":[{"start":{"line":70,"column":16},"end":{"line":70,"column":22},"skip":true},{"start":{"line":70,"column":27},"end":{"line":70,"column":32},"skip":true},{"start":{"line":71,"column":20},"end":{"line":71,"column":39},"skip":true},{"start":{"line":72,"column":20},"end":{"line":72,"column":49},"skip":true},{"start":{"line":73,"column":20},"end":{"line":73,"column":58},"skip":true},{"start":{"line":74,"column":20},"end":{"line":74,"column":69},"skip":true}]},"9":{"line":79,"type":"switch","locations":[{"start":{"line":80,"column":20},"end":{"line":80,"column":33},"skip":true},{"start":{"line":81,"column":20},"end":{"line":83,"column":30},"skip":true},{"start":{"line":84,"column":20},"end":{"line":85,"column":49},"skip":true}]},"10":{"line":89,"type":"switch","locations":[{"start":{"line":90,"column":12},"end":{"line":103,"column":22},"skip":true},{"start":{"line":105,"column":12},"end":{"line":106,"column":22},"skip":true}]},"11":{"line":89,"type":"binary-expr","locations":[{"start":{"line":89,"column":20},"end":{"line":89,"column":25},"skip":true},{"start":{"line":89,"column":29},"end":{"line":89,"column":48},"skip":true},{"start":{"line":89,"column":52},"end":{"line":89,"column":74},"skip":true}]},"12":{"line":92,"type":"if","locations":[{"start":{"line":92,"column":16},"end":{"line":92,"column":16},"skip":true},{"start":{"line":92,"column":16},"end":{"line":92,"column":16},"skip":true}]},"13":{"line":108,"type":"if","locations":[{"start":{"line":108,"column":12},"end":{"line":108,"column":12},"skip":true},{"start":{"line":108,"column":12},"end":{"line":108,"column":12},"skip":true}]},"14":{"line":108,"type":"binary-expr","locations":[{"start":{"line":108,"column":16},"end":{"line":108,"column":61},"skip":true},{"start":{"line":108,"column":66},"end":{"line":108,"column":72},"skip":true},{"start":{"line":108,"column":77},"end":{"line":108,"column":82},"skip":true},{"start":{"line":109,"column":20},"end":{"line":109,"column":39},"skip":true},{"start":{"line":110,"column":20},"end":{"line":110,"column":49},"skip":true},{"start":{"line":111,"column":20},"end":{"line":111,"column":58},"skip":true},{"start":{"line":112,"column":20},"end":{"line":112,"column":68},"skip":true}]},"15":{"line":129,"type":"if","locations":[{"start":{"line":129,"column":16},"end":{"line":129,"column":16},"skip":true},{"start":{"line":129,"column":16},"end":{"line":129,"column":16},"skip":true}]},"16":{"line":134,"type":"cond-expr","locations":[{"start":{"line":135,"column":26},"end":{"line":135,"column":29},"skip":true},{"start":{"line":136,"column":26},"end":{"line":136,"column":54},"skip":true}]},"17":{"line":164,"type":"binary-expr","locations":[{"start":{"line":164,"column":27},"end":{"line":164,"column":43},"skip":true},{"start":{"line":164,"column":47},"end":{"line":164,"column":49},"skip":true}]},"18":{"line":258,"type":"if","locations":[{"start":{"line":258,"column":8},"end":{"line":258,"column":8},"skip":true},{"start":{"line":258,"column":8},"end":{"line":258,"column":8},"skip":true}]},"19":{"line":275,"type":"switch","locations":[{"start":{"line":276,"column":20},"end":{"line":277,"column":64},"skip":true},{"start":{"line":278,"column":20},"end":{"line":279,"column":40},"skip":true},{"start":{"line":280,"column":20},"end":{"line":281,"column":40},"skip":true},{"start":{"line":282,"column":20},"end":{"line":283,"column":39},"skip":true}]},"20":{"line":288,"type":"if","locations":[{"start":{"line":288,"column":8},"end":{"line":288,"column":8},"skip":true},{"start":{"line":288,"column":8},"end":{"line":288,"column":8},"skip":true}]},"21":{"line":288,"type":"binary-expr","locations":[{"start":{"line":288,"column":12},"end":{"line":288,"column":40},"skip":true},{"start":{"line":288,"column":44},"end":{"line":288,"column":67},"skip":true}]},"22":{"line":292,"type":"binary-expr","locations":[{"start":{"line":292,"column":12},"end":{"line":292,"column":50},"skip":true},{"start":{"line":293,"column":12},"end":{"line":293,"column":53},"skip":true}]},"23":{"line":295,"type":"binary-expr","locations":[{"start":{"line":295,"column":12},"end":{"line":295,"column":70},"skip":true},{"start":{"line":296,"column":12},"end":{"line":301,"column":36},"skip":true}]},"24":{"line":302,"type":"binary-expr","locations":[{"start":{"line":302,"column":43},"end":{"line":302,"column":75},"skip":true},{"start":{"line":302,"column":79},"end":{"line":302,"column":81},"skip":true}]},"25":{"line":305,"type":"if","locations":[{"start":{"line":305,"column":8},"end":{"line":305,"column":8},"skip":true},{"start":{"line":305,"column":8},"end":{"line":305,"column":8},"skip":true}]},"26":{"line":309,"type":"if","locations":[{"start":{"line":309,"column":8},"end":{"line":309,"column":8},"skip":true},{"start":{"line":309,"column":8},"end":{"line":309,"column":8},"skip":true}]},"27":{"line":312,"type":"binary-expr","locations":[{"start":{"line":312,"column":27},"end":{"line":312,"column":43},"skip":true},{"start":{"line":312,"column":47},"end":{"line":312,"column":53},"skip":true}]},"28":{"line":316,"type":"if","locations":[{"start":{"line":316,"column":12},"end":{"line":316,"column":12},"skip":true},{"start":{"line":316,"column":12},"end":{"line":316,"column":12},"skip":true}]}},"code":["/*","example.js","","quickstart example","","instruction","    1. save this script as example.js","    2. run the shell command:","        $ npm install npmtest-node-restful && PORT=8081 node example.js","    3. play with the browser-demo on http://127.0.0.1:8081","*/","","","","/* istanbul instrument in package npmtest_node_restful */","/*jslint","    bitwise: true,","    browser: true,","    maxerr: 8,","    maxlen: 96,","    node: true,","    nomen: true,","    regexp: true,","    stupid: true","*/","(function () {","    'use strict';","    var local;","","","","    // run shared js-env code - pre-init","    (function () {","        // init local","        local = {};","        // init modeJs","        local.modeJs = (function () {","            try {","                return typeof navigator.userAgent === 'string' &&","                    typeof document.querySelector('body') === 'object' &&","                    typeof XMLHttpRequest.prototype.open === 'function' &&","                    'browser';","            } catch (errorCaughtBrowser) {","                return module.exports &&","                    typeof process.versions.node === 'string' &&","                    typeof require('http').createServer === 'function' &&","                    'node';","            }","        }());","        // init global","        local.global = local.modeJs === 'browser'","            ? window","            : global;","        // init utility2_rollup","        local = local.global.utility2_rollup || (local.modeJs === 'browser'","            ? local.global.utility2_npmtest_node_restful","            : global.utility2_moduleExports);","        // export local","        local.global.local = local;","    }());","    switch (local.modeJs) {","","","","    // post-init","    // run browser js-env code - post-init","    /* istanbul ignore next */","    case 'browser':","        local.testRunBrowser = function (event) {","            if (!event || (event &&","                    event.currentTarget &&","                    event.currentTarget.className &&","                    event.currentTarget.className.includes &&","                    event.currentTarget.className.includes('onreset'))) {","                // reset output","                Array.from(","                    document.querySelectorAll('body > .resettable')","                ).forEach(function (element) {","                    switch (element.tagName) {","                    case 'INPUT':","                    case 'TEXTAREA':","                        element.value = '';","                        break;","                    default:","                        element.textContent = '';","                    }","                });","            }","            switch (event && event.currentTarget && event.currentTarget.id) {","            case 'testRunButton1':","                // show tests","                if (document.querySelector('#testReportDiv1').style.display === 'none') {","                    document.querySelector('#testReportDiv1').style.display = 'block';","                    document.querySelector('#testRunButton1').textContent =","                        'hide internal test';","                    local.modeTest = true;","                    local.testRunDefault(local);","                // hide tests","                } else {","                    document.querySelector('#testReportDiv1').style.display = 'none';","                    document.querySelector('#testRunButton1').textContent = 'run internal test';","                }","                break;","            // custom-case","            default:","                break;","            }","            if (document.querySelector('#inputTextareaEval1') && (!event || (event &&","                    event.currentTarget &&","                    event.currentTarget.className &&","                    event.currentTarget.className.includes &&","                    event.currentTarget.className.includes('oneval')))) {","                // try to eval input-code","                try {","                    /*jslint evil: true*/","                    eval(document.querySelector('#inputTextareaEval1').value);","                } catch (errorCaught) {","                    console.error(errorCaught);","                }","            }","        };","        // log stderr and stdout to #outputTextareaStdout1","        ['error', 'log'].forEach(function (key) {","            console[key + '_original'] = console[key];","            console[key] = function () {","                var element;","                console[key + '_original'].apply(console, arguments);","                element = document.querySelector('#outputTextareaStdout1');","                if (!element) {","                    return;","                }","                // append text to #outputTextareaStdout1","                element.value += Array.from(arguments).map(function (arg) {","                    return typeof arg === 'string'","                        ? arg","                        : JSON.stringify(arg, null, 4);","                }).join(' ') + '\\n';","                // scroll textarea to bottom","                element.scrollTop = element.scrollHeight;","            };","        });","        // init event-handling","        ['change', 'click', 'keyup'].forEach(function (event) {","            Array.from(document.querySelectorAll('.on' + event)).forEach(function (element) {","                element.addEventListener(event, local.testRunBrowser);","            });","        });","        // run tests","        local.testRunBrowser();","        break;","","","","    // run node js-env code - post-init","    /* istanbul ignore next */","    case 'node':","        // export local","        module.exports = local;","        // require modules","        local.fs = require('fs');","        local.http = require('http');","        local.url = require('url');","        // init assets","        local.assetsDict = local.assetsDict || {};","        /* jslint-ignore-begin */","        local.assetsDict['/assets.index.template.html'] = '\\","<!doctype html>\\n\\","<html lang=\"en\">\\n\\","<head>\\n\\","<meta charset=\"UTF-8\">\\n\\","<meta name=\"viewport\" content=\"width=device-width, initial-scale=1\">\\n\\","<title>{{env.npm_package_name}} (v{{env.npm_package_version}})</title>\\n\\","<style>\\n\\","/*csslint\\n\\","    box-sizing: false,\\n\\","    universal-selector: false\\n\\","*/\\n\\","* {\\n\\","    box-sizing: border-box;\\n\\","}\\n\\","body {\\n\\","    background: #dde;\\n\\","    font-family: Arial, Helvetica, sans-serif;\\n\\","    margin: 2rem;\\n\\","}\\n\\","body > * {\\n\\","    margin-bottom: 1rem;\\n\\","}\\n\\",".utility2FooterDiv {\\n\\","    margin-top: 20px;\\n\\","    text-align: center;\\n\\","}\\n\\","</style>\\n\\","<style>\\n\\","/*csslint\\n\\","*/\\n\\","textarea {\\n\\","    font-family: monospace;\\n\\","    height: 10rem;\\n\\","    width: 100%;\\n\\","}\\n\\","textarea[readonly] {\\n\\","    background: #ddd;\\n\\","}\\n\\","</style>\\n\\","</head>\\n\\","<body>\\n\\","<!-- utility2-comment\\n\\","<div id=\"ajaxProgressDiv1\" style=\"background: #d00; height: 2px; left: 0; margin: 0; padding: 0; position: fixed; top: 0; transition: background 0.5s, width 1.5s; width: 25%;\"></div>\\n\\","utility2-comment -->\\n\\","<h1>\\n\\","<!-- utility2-comment\\n\\","    <a\\n\\","        {{#if env.npm_package_homepage}}\\n\\","        href=\"{{env.npm_package_homepage}}\"\\n\\","        {{/if env.npm_package_homepage}}\\n\\","        target=\"_blank\"\\n\\","    >\\n\\","utility2-comment -->\\n\\","        {{env.npm_package_name}} (v{{env.npm_package_version}})\\n\\","<!-- utility2-comment\\n\\","    </a>\\n\\","utility2-comment -->\\n\\","</h1>\\n\\","<h3>{{env.npm_package_description}}</h3>\\n\\","<!-- utility2-comment\\n\\","<h4><a download href=\"assets.app.js\">download standalone app</a></h4>\\n\\","<button class=\"onclick onreset\" id=\"testRunButton1\">run internal test</button><br>\\n\\","<div id=\"testReportDiv1\" style=\"display: none;\"></div>\\n\\","utility2-comment -->\\n\\","\\n\\","\\n\\","\\n\\","<label>stderr and stdout</label>\\n\\","<textarea class=\"resettable\" id=\"outputTextareaStdout1\" readonly></textarea>\\n\\","<!-- utility2-comment\\n\\","{{#if isRollup}}\\n\\","<script src=\"assets.app.js\"></script>\\n\\","{{#unless isRollup}}\\n\\","utility2-comment -->\\n\\","<script src=\"assets.utility2.rollup.js\"></script>\\n\\","<script src=\"jsonp.utility2._stateInit?callback=window.utility2._stateInit\"></script>\\n\\","<script src=\"assets.npmtest_node_restful.rollup.js\"></script>\\n\\","<script src=\"assets.example.js\"></script>\\n\\","<script src=\"assets.test.js\"></script>\\n\\","<!-- utility2-comment\\n\\","{{/if isRollup}}\\n\\","utility2-comment -->\\n\\","<div class=\"utility2FooterDiv\">\\n\\","    [ this app was created with\\n\\","    <a href=\"https://github.com/kaizhu256/node-utility2\" target=\"_blank\">utility2</a>\\n\\","    ]\\n\\","</div>\\n\\","</body>\\n\\","</html>\\n\\","';","        /* jslint-ignore-end */","        if (local.templateRender) {","            local.assetsDict['/'] = local.templateRender(","                local.assetsDict['/assets.index.template.html'],","                {","                    env: local.objectSetDefault(local.env, {","                        npm_package_description: 'the greatest app in the world!',","                        npm_package_name: 'my-app',","                        npm_package_nameAlias: 'my_app',","                        npm_package_version: '0.0.1'","                    })","                }","            );","        } else {","            local.assetsDict['/'] = local.assetsDict['/assets.index.template.html']","                .replace((/\\{\\{env\\.(\\w+?)\\}\\}/g), function (match0, match1) {","                    // jslint-hack","                    String(match0);","                    switch (match1) {","                    case 'npm_package_description':","                        return 'the greatest app in the world!';","                    case 'npm_package_name':","                        return 'my-app';","                    case 'npm_package_nameAlias':","                        return 'my_app';","                    case 'npm_package_version':","                        return '0.0.1';","                    }","                });","        }","        // run the cli","        if (local.global.utility2_rollup || module !== require.main) {","            break;","        }","        local.assetsDict['/assets.example.js'] =","            local.assetsDict['/assets.example.js'] ||","            local.fs.readFileSync(__filename, 'utf8');","        local.assetsDict['/assets.npmtest_node_restful.rollup.js'] =","            local.assetsDict['/assets.npmtest_node_restful.rollup.js'] ||","            local.fs.readFileSync(","                // buildCustomOrg-hack","                local.npmtest_node_restful.__dirname +","                    '/lib.npmtest_node_restful.js',","                'utf8'","            ).replace((/^#!/), '//');","        local.assetsDict['/favicon.ico'] = local.assetsDict['/favicon.ico'] || '';","        // if $npm_config_timeout_exit exists,","        // then exit this process after $npm_config_timeout_exit ms","        if (Number(process.env.npm_config_timeout_exit)) {","            setTimeout(process.exit, Number(process.env.npm_config_timeout_exit));","        }","        // start server","        if (local.global.utility2_serverHttp1) {","            break;","        }","        process.env.PORT = process.env.PORT || '8081';","        console.error('server starting on port ' + process.env.PORT);","        local.http.createServer(function (request, response) {","            request.urlParsed = local.url.parse(request.url);","            if (local.assetsDict[request.urlParsed.pathname] !== undefined) {","                response.end(local.assetsDict[request.urlParsed.pathname]);","                return;","            }","            response.statusCode = 404;","            response.end();","        }).listen(process.env.PORT);","        break;","    }","}());",""],"l":{"26":2,"28":2,"33":2,"35":2,"37":2,"38":2,"39":2,"44":1,"51":2,"55":2,"59":2,"61":2,"69":1,"70":2,"76":2,"79":2,"82":2,"83":2,"85":1,"89":2,"92":1,"93":1,"94":1,"96":1,"97":1,"100":1,"101":1,"103":1,"106":1,"108":2,"114":1,"116":1,"118":1,"123":1,"124":2,"125":2,"126":2,"127":2,"128":2,"129":2,"130":1,"133":2,"134":2,"139":2,"143":1,"144":3,"145":1,"149":1,"150":1,"158":1,"160":1,"161":1,"162":1,"164":1,"166":1,"258":1,"259":1,"271":1,"274":6,"275":6,"277":1,"279":2,"281":1,"283":2,"288":1,"289":1,"291":1,"294":1,"302":1,"305":1,"306":1,"309":1,"310":1,"312":1,"313":1,"314":1,"315":1,"316":1,"317":1,"318":1,"320":1,"321":1,"323":1}},"/home/travis/build/npmtest/node-npmtest-node-restful/node_modules/node-restful/index.js":{"path":"/home/travis/build/npmtest/node-npmtest-node-restful/node_modules/node-restful/index.js","s":{"1":1},"b":{"1":[0,1]},"f":{},"fnMap":{},"statementMap":{"1":{"start":{"line":1,"column":0},"end":{"line":3,"column":29}}},"branchMap":{"1":{"line":1,"type":"cond-expr","locations":[{"start":{"line":2,"column":4},"end":{"line":2,"column":32}},{"start":{"line":3,"column":4},"end":{"line":3,"column":28}}]}},"code":["module.exports = process.env.RESTFUL_COV","  ? require('./lib-cov/restful')","  : require('./lib/restful');",""],"l":{"1":1}},"/home/travis/build/npmtest/node-npmtest-node-restful/node_modules/node-restful/lib/restful.js":{"path":"/home/travis/build/npmtest/node-npmtest-node-restful/node_modules/node-restful/lib/restful.js","s":{"1":1,"2":1,"3":1,"4":1},"b":{},"f":{},"fnMap":{},"statementMap":{"1":{"start":{"line":1,"column":0},"end":{"line":3,"column":35}},"2":{"start":{"line":5,"column":0},"end":{"line":5,"column":36}},"3":{"start":{"line":6,"column":0},"end":{"line":6,"column":22}},"4":{"start":{"line":7,"column":0},"end":{"line":7,"column":28}}},"branchMap":{},"code":["var model = require('./model'),","    handlers = require('./handlers'),","    mongoose = require('mongoose');","","exports = module.exports = handlers;","exports.model = model;","exports.mongoose = mongoose;",""],"l":{"1":1,"5":1,"6":1,"7":1}},"/home/travis/build/npmtest/node-npmtest-node-restful/node_modules/node-restful/lib/model.js":{"path":"/home/travis/build/npmtest/node-npmtest-node-restful/node_modules/node-restful/lib/model.js","s":{"1":1,"2":1,"3":1,"4":1,"5":0,"6":0,"7":0,"8":0,"9":0,"10":1,"11":0,"12":1,"13":0,"14":0,"15":0,"16":0,"17":0,"18":0,"19":1,"20":0,"21":0,"22":1,"23":0,"24":0,"25":0,"26":0,"27":0,"28":0,"29":0,"30":0,"31":0,"32":0,"33":0,"34":0,"35":0,"36":0,"37":0,"38":0,"39":0,"40":0,"41":0,"42":0,"43":1,"44":0,"45":0,"46":1,"47":0,"48":0,"49":1,"50":0,"51":0,"52":0,"53":0,"54":1,"55":0,"56":0,"57":0,"58":1,"59":0,"60":0,"61":0,"62":0,"63":0,"64":1,"65":0,"66":0,"67":0,"68":0,"69":0,"70":0,"71":0,"72":0,"73":0,"74":0,"75":0,"76":0,"77":0,"78":1,"79":0,"80":0,"81":0,"82":1,"83":0,"84":0,"85":0,"86":1,"87":0,"88":0,"89":0,"90":0,"91":0,"92":0,"93":0,"94":0,"95":0,"96":0,"97":0,"98":0,"99":0,"100":0,"101":1,"102":0,"103":0,"104":0,"105":1,"106":0,"107":0,"108":0,"109":0,"110":0,"111":0,"112":0,"113":0,"114":0,"115":0,"116":0,"117":0,"118":0,"119":0,"120":1,"121":0,"122":0,"123":0,"124":0,"125":0,"126":0,"127":0,"128":0,"129":1,"130":14,"131":0,"132":1,"133":0,"134":1,"135":0,"136":0,"137":0,"138":0,"139":0,"140":0,"141":1,"142":0,"143":0,"144":0,"145":0,"146":0,"147":0,"148":1,"149":0,"150":0,"151":0,"152":0,"153":0,"154":0,"155":0,"156":0,"157":0,"158":0,"159":1,"160":0,"161":0,"162":0,"163":0,"164":0,"165":0,"166":0,"167":0,"168":0,"169":0,"170":1,"171":0,"172":1,"173":0,"174":0,"175":0,"176":0,"177":0,"178":0,"179":1,"180":0,"181":0,"182":0,"183":0,"184":0,"185":0,"186":0,"187":1,"188":2,"189":0,"190":0,"191":0,"192":0,"193":0,"194":0,"195":0,"196":0,"197":0,"198":0,"199":0},"b":{"1":[0,0],"2":[0,0],"3":[0,0],"4":[0,0],"5":[0,0],"6":[0,0],"7":[0,0],"8":[0,0],"9":[0,0],"10":[0,0],"11":[0,0],"12":[0,0],"13":[0,0],"14":[0,0],"15":[0,0],"16":[0,0],"17":[0,0],"18":[0,0],"19":[0,0],"20":[0,0],"21":[0,0],"22":[0,0],"23":[0,0],"24":[0,0,0],"25":[0,0],"26":[0,0],"27":[0,0],"28":[0,0],"29":[0,0],"30":[0,0],"31":[0,0],"32":[0,0],"33":[0,0],"34":[0,0],"35":[0,0],"36":[0,0],"37":[0,0],"38":[0,0],"39":[0,0],"40":[0,0],"41":[0,0],"42":[0,0],"43":[0,0],"44":[0,0],"45":[0,0],"46":[0,0],"47":[0,0],"48":[0,0,0],"49":[0,0],"50":[0,0,0],"51":[0,0],"52":[0,0],"53":[0,0],"54":[0,0],"55":[0,0],"56":[0,0],"57":[0,0],"58":[0,0],"59":[0,0]},"f":{"1":0,"2":0,"3":0,"4":0,"5":0,"6":0,"7":0,"8":0,"9":0,"10":0,"11":0,"12":0,"13":0,"14":0,"15":0,"16":0,"17":0,"18":0,"19":0,"20":0,"21":0,"22":0,"23":0,"24":0,"25":0,"26":0,"27":0,"28":0,"29":0,"30":14,"31":0,"32":0,"33":0,"34":0,"35":0,"36":0,"37":0,"38":0,"39":0,"40":0,"41":0,"42":2,"43":0,"44":0},"fnMap":{"1":{"name":"(anonymous_1)","line":34,"loc":{"start":{"line":34,"column":15},"end":{"line":34,"column":36}}},"2":{"name":"(anonymous_2)","line":49,"loc":{"start":{"line":49,"column":13},"end":{"line":49,"column":24}}},"3":{"name":"model","line":67,"loc":{"start":{"line":67,"column":0},"end":{"line":67,"column":17}}},"4":{"name":"(anonymous_4)","line":79,"loc":{"start":{"line":79,"column":22},"end":{"line":79,"column":52}}},"5":{"name":"(anonymous_5)","line":84,"loc":{"start":{"line":84,"column":16},"end":{"line":84,"column":37}}},"6":{"name":"(anonymous_6)","line":88,"loc":{"start":{"line":88,"column":18},"end":{"line":88,"column":35}}},"7":{"name":"(anonymous_7)","line":103,"loc":{"start":{"line":103,"column":21},"end":{"line":103,"column":36}}},"8":{"name":"(anonymous_8)","line":119,"loc":{"start":{"line":119,"column":22},"end":{"line":119,"column":40}}},"9":{"name":"(anonymous_9)","line":124,"loc":{"start":{"line":124,"column":22},"end":{"line":124,"column":40}}},"10":{"name":"(anonymous_10)","line":129,"loc":{"start":{"line":129,"column":17},"end":{"line":129,"column":40}}},"11":{"name":"(anonymous_11)","line":140,"loc":{"start":{"line":140,"column":25},"end":{"line":140,"column":36}}},"12":{"name":"(anonymous_12)","line":147,"loc":{"start":{"line":147,"column":24},"end":{"line":147,"column":35}}},"13":{"name":"(anonymous_13)","line":149,"loc":{"start":{"line":149,"column":23},"end":{"line":149,"column":54}}},"14":{"name":"(anonymous_14)","line":152,"loc":{"start":{"line":152,"column":22},"end":{"line":152,"column":39}}},"15":{"name":"(anonymous_15)","line":171,"loc":{"start":{"line":171,"column":14},"end":{"line":171,"column":41}}},"16":{"name":"(anonymous_16)","line":190,"loc":{"start":{"line":190,"column":18},"end":{"line":190,"column":33}}},"17":{"name":"(anonymous_17)","line":197,"loc":{"start":{"line":197,"column":15},"end":{"line":197,"column":42}}},"18":{"name":"(anonymous_18)","line":204,"loc":{"start":{"line":204,"column":14},"end":{"line":204,"column":41}}},"19":{"name":"(anonymous_19)","line":221,"loc":{"start":{"line":221,"column":23},"end":{"line":221,"column":61}}},"20":{"name":"(anonymous_20)","line":227,"loc":{"start":{"line":227,"column":43},"end":{"line":227,"column":61}}},"21":{"name":"(anonymous_21)","line":259,"loc":{"start":{"line":259,"column":17},"end":{"line":259,"column":36}}},"22":{"name":"(anonymous_22)","line":318,"loc":{"start":{"line":318,"column":15},"end":{"line":318,"column":35}}},"23":{"name":"(anonymous_23)","line":326,"loc":{"start":{"line":326,"column":45},"end":{"line":326,"column":73}}},"24":{"name":"(anonymous_24)","line":327,"loc":{"start":{"line":327,"column":42},"end":{"line":327,"column":62}}},"25":{"name":"(anonymous_25)","line":329,"loc":{"start":{"line":329,"column":15},"end":{"line":329,"column":35}}},"26":{"name":"(anonymous_26)","line":335,"loc":{"start":{"line":335,"column":47},"end":{"line":335,"column":72}}},"27":{"name":"(anonymous_27)","line":336,"loc":{"start":{"line":336,"column":41},"end":{"line":336,"column":68}}},"28":{"name":"(anonymous_28)","line":338,"loc":{"start":{"line":338,"column":17},"end":{"line":338,"column":37}}},"29":{"name":"preprocess","line":346,"loc":{"start":{"line":346,"column":0},"end":{"line":346,"column":36}}},"30":{"name":"query","line":359,"loc":{"start":{"line":359,"column":0},"end":{"line":359,"column":20}}},"31":{"name":"(anonymous_31)","line":360,"loc":{"start":{"line":360,"column":9},"end":{"line":360,"column":30}}},"32":{"name":"haveOneModel","line":365,"loc":{"start":{"line":365,"column":0},"end":{"line":365,"column":27}}},"33":{"name":"resolveTemplate","line":369,"loc":{"start":{"line":369,"column":0},"end":{"line":369,"column":30}}},"34":{"name":"merge","line":387,"loc":{"start":{"line":387,"column":0},"end":{"line":387,"column":26}}},"35":{"name":"getRoute","line":396,"loc":{"start":{"line":396,"column":0},"end":{"line":396,"column":32}}},"36":{"name":"(anonymous_36)","line":404,"loc":{"start":{"line":404,"column":15},"end":{"line":404,"column":32}}},"37":{"name":"normalizeHandler","line":411,"loc":{"start":{"line":411,"column":0},"end":{"line":411,"column":30}}},"38":{"name":"(anonymous_38)","line":420,"loc":{"start":{"line":420,"column":30},"end":{"line":420,"column":45}}},"39":{"name":"isEndpoint","line":429,"loc":{"start":{"line":429,"column":0},"end":{"line":429,"column":35}}},"40":{"name":"contains","line":433,"loc":{"start":{"line":433,"column":0},"end":{"line":433,"column":28}}},"41":{"name":"coerceData","line":443,"loc":{"start":{"line":443,"column":0},"end":{"line":443,"column":39}}},"42":{"name":"filterable","line":455,"loc":{"start":{"line":455,"column":0},"end":{"line":455,"column":39}}},"43":{"name":"(anonymous_43)","line":457,"loc":{"start":{"line":457,"column":12},"end":{"line":457,"column":37}}},"44":{"name":"(anonymous_44)","line":472,"loc":{"start":{"line":472,"column":14},"end":{"line":472,"column":34}}}},"statementMap":{"1":{"start":{"line":1,"column":0},"end":{"line":4,"column":37}},"2":{"start":{"line":6,"column":0},"end":{"line":6,"column":33}},"3":{"start":{"line":8,"column":0},"end":{"line":20,"column":11}},"4":{"start":{"line":21,"column":2},"end":{"line":48,"column":7}},"5":{"start":{"line":35,"column":8},"end":{"line":35,"column":56}},"6":{"start":{"line":36,"column":8},"end":{"line":42,"column":9}},"7":{"start":{"line":38,"column":10},"end":{"line":38,"column":53}},"8":{"start":{"line":41,"column":10},"end":{"line":41,"column":32}},"9":{"start":{"line":44,"column":8},"end":{"line":44,"column":32}},"10":{"start":{"line":49,"column":2},"end":{"line":61,"column":4}},"11":{"start":{"line":50,"column":4},"end":{"line":60,"column":6}},"12":{"start":{"line":67,"column":0},"end":{"line":77,"column":1}},"13":{"start":{"line":68,"column":2},"end":{"line":69,"column":38}},"14":{"start":{"line":70,"column":2},"end":{"line":70,"column":44}},"15":{"start":{"line":70,"column":30},"end":{"line":70,"column":44}},"16":{"start":{"line":72,"column":2},"end":{"line":74,"column":3}},"17":{"start":{"line":73,"column":3},"end":{"line":73,"column":41}},"18":{"start":{"line":76,"column":2},"end":{"line":76,"column":16}},"19":{"start":{"line":79,"column":0},"end":{"line":82,"column":2}},"20":{"start":{"line":80,"column":2},"end":{"line":80,"column":49}},"21":{"start":{"line":81,"column":2},"end":{"line":81,"column":14}},"22":{"start":{"line":84,"column":0},"end":{"line":117,"column":2}},"23":{"start":{"line":85,"column":2},"end":{"line":86,"column":38}},"24":{"start":{"line":88,"column":2},"end":{"line":90,"column":5}},"25":{"start":{"line":89,"column":4},"end":{"line":89,"column":31}},"26":{"start":{"line":92,"column":2},"end":{"line":92,"column":28}},"27":{"start":{"line":93,"column":2},"end":{"line":95,"column":3}},"28":{"start":{"line":94,"column":4},"end":{"line":94,"column":30}},"29":{"start":{"line":96,"column":2},"end":{"line":102,"column":3}},"30":{"start":{"line":97,"column":4},"end":{"line":101,"column":7}},"31":{"start":{"line":103,"column":2},"end":{"line":115,"column":5}},"32":{"start":{"line":104,"column":4},"end":{"line":104,"column":29}},"33":{"start":{"line":105,"column":4},"end":{"line":108,"column":5}},"34":{"start":{"line":106,"column":6},"end":{"line":106,"column":20}},"35":{"start":{"line":107,"column":6},"end":{"line":107,"column":16}},"36":{"start":{"line":109,"column":4},"end":{"line":109,"column":78}},"37":{"start":{"line":109,"column":17},"end":{"line":109,"column":78}},"38":{"start":{"line":110,"column":4},"end":{"line":110,"column":38}},"39":{"start":{"line":112,"column":4},"end":{"line":112,"column":36}},"40":{"start":{"line":113,"column":4},"end":{"line":113,"column":58}},"41":{"start":{"line":114,"column":4},"end":{"line":114,"column":29}},"42":{"start":{"line":116,"column":2},"end":{"line":116,"column":14}},"43":{"start":{"line":119,"column":0},"end":{"line":122,"column":2}},"44":{"start":{"line":120,"column":2},"end":{"line":120,"column":35}},"45":{"start":{"line":121,"column":2},"end":{"line":121,"column":14}},"46":{"start":{"line":124,"column":0},"end":{"line":127,"column":2}},"47":{"start":{"line":125,"column":2},"end":{"line":125,"column":35}},"48":{"start":{"line":126,"column":2},"end":{"line":126,"column":14}},"49":{"start":{"line":129,"column":0},"end":{"line":135,"column":2}},"50":{"start":{"line":130,"column":2},"end":{"line":132,"column":3}},"51":{"start":{"line":131,"column":4},"end":{"line":131,"column":67}},"52":{"start":{"line":133,"column":2},"end":{"line":133,"column":35}},"53":{"start":{"line":134,"column":2},"end":{"line":134,"column":14}},"54":{"start":{"line":140,"column":0},"end":{"line":145,"column":2}},"55":{"start":{"line":141,"column":2},"end":{"line":143,"column":3}},"56":{"start":{"line":142,"column":4},"end":{"line":142,"column":42}},"57":{"start":{"line":144,"column":2},"end":{"line":144,"column":25}},"58":{"start":{"line":147,"column":0},"end":{"line":160,"column":2}},"59":{"start":{"line":148,"column":2},"end":{"line":148,"column":18}},"60":{"start":{"line":149,"column":2},"end":{"line":159,"column":5}},"61":{"start":{"line":150,"column":4},"end":{"line":158,"column":5}},"62":{"start":{"line":152,"column":6},"end":{"line":157,"column":9}},"63":{"start":{"line":153,"column":8},"end":{"line":156,"column":11}},"64":{"start":{"line":171,"column":0},"end":{"line":195,"column":2}},"65":{"start":{"line":172,"column":2},"end":{"line":174,"column":56}},"66":{"start":{"line":176,"column":2},"end":{"line":185,"column":3}},"67":{"start":{"line":177,"column":4},"end":{"line":177,"column":16}},"68":{"start":{"line":178,"column":4},"end":{"line":182,"column":5}},"69":{"start":{"line":179,"column":6},"end":{"line":179,"column":25}},"70":{"start":{"line":180,"column":11},"end":{"line":182,"column":5}},"71":{"start":{"line":181,"column":6},"end":{"line":181,"column":25}},"72":{"start":{"line":184,"column":4},"end":{"line":184,"column":21}},"73":{"start":{"line":187,"column":2},"end":{"line":193,"column":3}},"74":{"start":{"line":188,"column":4},"end":{"line":188,"column":30}},"75":{"start":{"line":190,"column":4},"end":{"line":192,"column":7}},"76":{"start":{"line":191,"column":6},"end":{"line":191,"column":43}},"77":{"start":{"line":194,"column":2},"end":{"line":194,"column":14}},"78":{"start":{"line":197,"column":0},"end":{"line":202,"column":2}},"79":{"start":{"line":198,"column":2},"end":{"line":200,"column":3}},"80":{"start":{"line":199,"column":4},"end":{"line":199,"column":44}},"81":{"start":{"line":201,"column":2},"end":{"line":201,"column":43}},"82":{"start":{"line":204,"column":0},"end":{"line":209,"column":2}},"83":{"start":{"line":205,"column":2},"end":{"line":207,"column":3}},"84":{"start":{"line":206,"column":4},"end":{"line":206,"column":43}},"85":{"start":{"line":208,"column":2},"end":{"line":208,"column":43}},"86":{"start":{"line":221,"column":0},"end":{"line":250,"column":2}},"87":{"start":{"line":222,"column":2},"end":{"line":222,"column":18}},"88":{"start":{"line":223,"column":2},"end":{"line":249,"column":3}},"89":{"start":{"line":224,"column":4},"end":{"line":248,"column":5}},"90":{"start":{"line":225,"column":6},"end":{"line":225,"column":32}},"91":{"start":{"line":226,"column":6},"end":{"line":226,"column":85}},"92":{"start":{"line":227,"column":6},"end":{"line":227,"column":93}},"93":{"start":{"line":227,"column":63},"end":{"line":227,"column":89}},"94":{"start":{"line":228,"column":6},"end":{"line":234,"column":12}},"95":{"start":{"line":239,"column":6},"end":{"line":245,"column":7}},"96":{"start":{"line":240,"column":8},"end":{"line":240,"column":74}},"97":{"start":{"line":241,"column":13},"end":{"line":245,"column":7}},"98":{"start":{"line":242,"column":8},"end":{"line":242,"column":68}},"99":{"start":{"line":244,"column":8},"end":{"line":244,"column":45}},"100":{"start":{"line":247,"column":6},"end":{"line":247,"column":72}},"101":{"start":{"line":259,"column":0},"end":{"line":263,"column":2}},"102":{"start":{"line":260,"column":2},"end":{"line":260,"column":26}},"103":{"start":{"line":261,"column":2},"end":{"line":261,"column":26}},"104":{"start":{"line":262,"column":2},"end":{"line":262,"column":49}},"105":{"start":{"line":318,"column":0},"end":{"line":344,"column":1}},"106":{"start":{"line":319,"column":2},"end":{"line":319,"column":21}},"107":{"start":{"line":321,"column":2},"end":{"line":324,"column":3}},"108":{"start":{"line":322,"column":4},"end":{"line":322,"column":40}},"109":{"start":{"line":323,"column":4},"end":{"line":323,"column":17}},"110":{"start":{"line":326,"column":2},"end":{"line":332,"column":5}},"111":{"start":{"line":327,"column":4},"end":{"line":331,"column":7}},"112":{"start":{"line":328,"column":6},"end":{"line":328,"column":56}},"113":{"start":{"line":330,"column":6},"end":{"line":330,"column":85}},"114":{"start":{"line":334,"column":2},"end":{"line":342,"column":3}},"115":{"start":{"line":335,"column":4},"end":{"line":341,"column":7}},"116":{"start":{"line":336,"column":6},"end":{"line":340,"column":9}},"117":{"start":{"line":337,"column":8},"end":{"line":337,"column":62}},"118":{"start":{"line":339,"column":8},"end":{"line":339,"column":80}},"119":{"start":{"line":343,"column":2},"end":{"line":343,"column":14}},"120":{"start":{"line":346,"column":0},"end":{"line":357,"column":1}},"121":{"start":{"line":347,"column":2},"end":{"line":347,"column":28}},"122":{"start":{"line":348,"column":2},"end":{"line":348,"column":30}},"123":{"start":{"line":349,"column":2},"end":{"line":349,"column":45}},"124":{"start":{"line":350,"column":2},"end":{"line":352,"column":3}},"125":{"start":{"line":351,"column":4},"end":{"line":351,"column":20}},"126":{"start":{"line":353,"column":2},"end":{"line":353,"column":25}},"127":{"start":{"line":355,"column":2},"end":{"line":355,"column":42}},"128":{"start":{"line":356,"column":2},"end":{"line":356,"column":9}},"129":{"start":{"line":359,"column":0},"end":{"line":363,"column":1}},"130":{"start":{"line":360,"column":2},"end":{"line":362,"column":4}},"131":{"start":{"line":361,"column":4},"end":{"line":361,"column":27}},"132":{"start":{"line":365,"column":0},"end":{"line":367,"column":1}},"133":{"start":{"line":366,"column":2},"end":{"line":366,"column":25}},"134":{"start":{"line":369,"column":0},"end":{"line":379,"column":1}},"135":{"start":{"line":370,"column":2},"end":{"line":371,"column":13}},"136":{"start":{"line":372,"column":2},"end":{"line":377,"column":3}},"137":{"start":{"line":373,"column":4},"end":{"line":375,"column":5}},"138":{"start":{"line":374,"column":6},"end":{"line":374,"column":25}},"139":{"start":{"line":376,"column":4},"end":{"line":376,"column":30}},"140":{"start":{"line":378,"column":2},"end":{"line":378,"column":18}},"141":{"start":{"line":387,"column":0},"end":{"line":394,"column":1}},"142":{"start":{"line":388,"column":2},"end":{"line":388,"column":24}},"143":{"start":{"line":388,"column":14},"end":{"line":388,"column":24}},"144":{"start":{"line":390,"column":2},"end":{"line":390,"column":48}},"145":{"start":{"line":391,"column":2},"end":{"line":391,"column":46}},"146":{"start":{"line":392,"column":2},"end":{"line":392,"column":45}},"147":{"start":{"line":393,"column":2},"end":{"line":393,"column":15}},"148":{"start":{"line":396,"column":0},"end":{"line":409,"column":1}},"149":{"start":{"line":397,"column":2},"end":{"line":397,"column":47}},"150":{"start":{"line":398,"column":2},"end":{"line":400,"column":3}},"151":{"start":{"line":399,"column":4},"end":{"line":399,"column":14}},"152":{"start":{"line":401,"column":2},"end":{"line":403,"column":3}},"153":{"start":{"line":402,"column":4},"end":{"line":402,"column":36}},"154":{"start":{"line":404,"column":2},"end":{"line":407,"column":5}},"155":{"start":{"line":405,"column":4},"end":{"line":405,"column":39}},"156":{"start":{"line":405,"column":22},"end":{"line":405,"column":39}},"157":{"start":{"line":406,"column":4},"end":{"line":406,"column":25}},"158":{"start":{"line":408,"column":2},"end":{"line":408,"column":16}},"159":{"start":{"line":411,"column":0},"end":{"line":427,"column":1}},"160":{"start":{"line":412,"column":2},"end":{"line":412,"column":18}},"161":{"start":{"line":413,"column":2},"end":{"line":413,"column":30}},"162":{"start":{"line":414,"column":2},"end":{"line":414,"column":28}},"163":{"start":{"line":415,"column":2},"end":{"line":419,"column":3}},"164":{"start":{"line":416,"column":4},"end":{"line":418,"column":6}},"165":{"start":{"line":420,"column":2},"end":{"line":425,"column":5}},"166":{"start":{"line":421,"column":4},"end":{"line":421,"column":34}},"167":{"start":{"line":422,"column":4},"end":{"line":424,"column":5}},"168":{"start":{"line":423,"column":6},"end":{"line":423,"column":38}},"169":{"start":{"line":426,"column":2},"end":{"line":426,"column":16}},"170":{"start":{"line":429,"column":0},"end":{"line":431,"column":1}},"171":{"start":{"line":430,"column":2},"end":{"line":430,"column":65}},"172":{"start":{"line":433,"column":0},"end":{"line":441,"column":1}},"173":{"start":{"line":434,"column":2},"end":{"line":434,"column":41}},"174":{"start":{"line":434,"column":29},"end":{"line":434,"column":41}},"175":{"start":{"line":435,"column":2},"end":{"line":439,"column":3}},"176":{"start":{"line":436,"column":4},"end":{"line":438,"column":5}},"177":{"start":{"line":437,"column":6},"end":{"line":437,"column":18}},"178":{"start":{"line":440,"column":2},"end":{"line":440,"column":15}},"179":{"start":{"line":443,"column":0},"end":{"line":453,"column":1}},"180":{"start":{"line":445,"column":2},"end":{"line":451,"column":3}},"181":{"start":{"line":446,"column":4},"end":{"line":446,"column":16}},"182":{"start":{"line":447,"column":9},"end":{"line":451,"column":3}},"183":{"start":{"line":448,"column":4},"end":{"line":448,"column":17}},"184":{"start":{"line":449,"column":9},"end":{"line":451,"column":3}},"185":{"start":{"line":450,"column":4},"end":{"line":450,"column":26}},"186":{"start":{"line":452,"column":2},"end":{"line":452,"column":14}},"187":{"start":{"line":455,"column":0},"end":{"line":479,"column":1}},"188":{"start":{"line":456,"column":2},"end":{"line":478,"column":3}},"189":{"start":{"line":458,"column":6},"end":{"line":460,"column":7}},"190":{"start":{"line":459,"column":8},"end":{"line":459,"column":54}},"191":{"start":{"line":461,"column":6},"end":{"line":463,"column":44}},"192":{"start":{"line":466,"column":6},"end":{"line":468,"column":7}},"193":{"start":{"line":467,"column":8},"end":{"line":467,"column":31}},"194":{"start":{"line":470,"column":6},"end":{"line":470,"column":65}},"195":{"start":{"line":473,"column":6},"end":{"line":473,"column":36}},"196":{"start":{"line":473,"column":24},"end":{"line":473,"column":36}},"197":{"start":{"line":474,"column":6},"end":{"line":474,"column":34}},"198":{"start":{"line":475,"column":6},"end":{"line":475,"column":45}},"199":{"start":{"line":476,"column":6},"end":{"line":476,"column":78}}},"branchMap":{"1":{"line":36,"type":"if","locations":[{"start":{"line":36,"column":8},"end":{"line":36,"column":8}},{"start":{"line":36,"column":8},"end":{"line":36,"column":8}}]},"2":{"line":70,"type":"if","locations":[{"start":{"line":70,"column":2},"end":{"line":70,"column":2}},{"start":{"line":70,"column":2},"end":{"line":70,"column":2}}]},"3":{"line":93,"type":"if","locations":[{"start":{"line":93,"column":2},"end":{"line":93,"column":2}},{"start":{"line":93,"column":2},"end":{"line":93,"column":2}}]},"4":{"line":96,"type":"if","locations":[{"start":{"line":96,"column":2},"end":{"line":96,"column":2}},{"start":{"line":96,"column":2},"end":{"line":96,"column":2}}]},"5":{"line":96,"type":"binary-expr","locations":[{"start":{"line":96,"column":6},"end":{"line":96,"column":9}},{"start":{"line":96,"column":13},"end":{"line":96,"column":47}}]},"6":{"line":99,"type":"cond-expr","locations":[{"start":{"line":99,"column":42},"end":{"line":99,"column":52}},{"start":{"line":99,"column":55},"end":{"line":99,"column":59}}]},"7":{"line":100,"type":"cond-expr","locations":[{"start":{"line":100,"column":41},"end":{"line":100,"column":50}},{"start":{"line":100,"column":53},"end":{"line":100,"column":57}}]},"8":{"line":105,"type":"if","locations":[{"start":{"line":105,"column":4},"end":{"line":105,"column":4}},{"start":{"line":105,"column":4},"end":{"line":105,"column":4}}]},"9":{"line":109,"type":"if","locations":[{"start":{"line":109,"column":4},"end":{"line":109,"column":4}},{"start":{"line":109,"column":4},"end":{"line":109,"column":4}}]},"10":{"line":113,"type":"binary-expr","locations":[{"start":{"line":113,"column":19},"end":{"line":113,"column":35}},{"start":{"line":113,"column":39},"end":{"line":113,"column":56}}]},"11":{"line":130,"type":"if","locations":[{"start":{"line":130,"column":2},"end":{"line":130,"column":2}},{"start":{"line":130,"column":2},"end":{"line":130,"column":2}}]},"12":{"line":141,"type":"if","locations":[{"start":{"line":141,"column":2},"end":{"line":141,"column":2}},{"start":{"line":141,"column":2},"end":{"line":141,"column":2}}]},"13":{"line":150,"type":"if","locations":[{"start":{"line":150,"column":4},"end":{"line":150,"column":4}},{"start":{"line":150,"column":4},"end":{"line":150,"column":4}}]},"14":{"line":150,"type":"binary-expr","locations":[{"start":{"line":150,"column":8},"end":{"line":150,"column":38}},{"start":{"line":150,"column":42},"end":{"line":150,"column":76}}]},"15":{"line":176,"type":"if","locations":[{"start":{"line":176,"column":2},"end":{"line":176,"column":2}},{"start":{"line":176,"column":2},"end":{"line":176,"column":2}}]},"16":{"line":178,"type":"if","locations":[{"start":{"line":178,"column":4},"end":{"line":178,"column":4}},{"start":{"line":178,"column":4},"end":{"line":178,"column":4}}]},"17":{"line":178,"type":"binary-expr","locations":[{"start":{"line":178,"column":8},"end":{"line":178,"column":19}},{"start":{"line":178,"column":23},"end":{"line":178,"column":55}}]},"18":{"line":180,"type":"if","locations":[{"start":{"line":180,"column":11},"end":{"line":180,"column":11}},{"start":{"line":180,"column":11},"end":{"line":180,"column":11}}]},"19":{"line":187,"type":"if","locations":[{"start":{"line":187,"column":2},"end":{"line":187,"column":2}},{"start":{"line":187,"column":2},"end":{"line":187,"column":2}}]},"20":{"line":198,"type":"if","locations":[{"start":{"line":198,"column":2},"end":{"line":198,"column":2}},{"start":{"line":198,"column":2},"end":{"line":198,"column":2}}]},"21":{"line":205,"type":"if","locations":[{"start":{"line":205,"column":2},"end":{"line":205,"column":2}},{"start":{"line":205,"column":2},"end":{"line":205,"column":2}}]},"22":{"line":224,"type":"if","locations":[{"start":{"line":224,"column":4},"end":{"line":224,"column":4}},{"start":{"line":224,"column":4},"end":{"line":224,"column":4}}]},"23":{"line":226,"type":"cond-expr","locations":[{"start":{"line":226,"column":53},"end":{"line":226,"column":66}},{"start":{"line":226,"column":69},"end":{"line":226,"column":84}}]},"24":{"line":228,"type":"binary-expr","locations":[{"start":{"line":228,"column":22},"end":{"line":228,"column":35}},{"start":{"line":228,"column":39},"end":{"line":228,"column":44}},{"start":{"line":228,"column":48},"end":{"line":228,"column":61}}]},"25":{"line":239,"type":"if","locations":[{"start":{"line":239,"column":6},"end":{"line":239,"column":6}},{"start":{"line":239,"column":6},"end":{"line":239,"column":6}}]},"26":{"line":241,"type":"if","locations":[{"start":{"line":241,"column":13},"end":{"line":241,"column":13}},{"start":{"line":241,"column":13},"end":{"line":241,"column":13}}]},"27":{"line":321,"type":"if","locations":[{"start":{"line":321,"column":2},"end":{"line":321,"column":2}},{"start":{"line":321,"column":2},"end":{"line":321,"column":2}}]},"28":{"line":334,"type":"if","locations":[{"start":{"line":334,"column":2},"end":{"line":334,"column":2}},{"start":{"line":334,"column":2},"end":{"line":334,"column":2}}]},"29":{"line":347,"type":"binary-expr","locations":[{"start":{"line":347,"column":13},"end":{"line":347,"column":21}},{"start":{"line":347,"column":25},"end":{"line":347,"column":27}}]},"30":{"line":348,"type":"binary-expr","locations":[{"start":{"line":348,"column":14},"end":{"line":348,"column":23}},{"start":{"line":348,"column":27},"end":{"line":348,"column":29}}]},"31":{"line":350,"type":"if","locations":[{"start":{"line":350,"column":2},"end":{"line":350,"column":2}},{"start":{"line":350,"column":2},"end":{"line":350,"column":2}}]},"32":{"line":372,"type":"if","locations":[{"start":{"line":372,"column":2},"end":{"line":372,"column":2}},{"start":{"line":372,"column":2},"end":{"line":372,"column":2}}]},"33":{"line":373,"type":"if","locations":[{"start":{"line":373,"column":4},"end":{"line":373,"column":4}},{"start":{"line":373,"column":4},"end":{"line":373,"column":4}}]},"34":{"line":373,"type":"binary-expr","locations":[{"start":{"line":373,"column":8},"end":{"line":373,"column":25}},{"start":{"line":373,"column":29},"end":{"line":373,"column":45}}]},"35":{"line":388,"type":"if","locations":[{"start":{"line":388,"column":2},"end":{"line":388,"column":2}},{"start":{"line":388,"column":2},"end":{"line":388,"column":2}}]},"36":{"line":391,"type":"binary-expr","locations":[{"start":{"line":391,"column":18},"end":{"line":391,"column":28}},{"start":{"line":391,"column":32},"end":{"line":391,"column":45}}]},"37":{"line":398,"type":"if","locations":[{"start":{"line":398,"column":2},"end":{"line":398,"column":2}},{"start":{"line":398,"column":2},"end":{"line":398,"column":2}}]},"38":{"line":398,"type":"binary-expr","locations":[{"start":{"line":398,"column":6},"end":{"line":398,"column":23}},{"start":{"line":398,"column":27},"end":{"line":398,"column":41}}]},"39":{"line":401,"type":"if","locations":[{"start":{"line":401,"column":2},"end":{"line":401,"column":2}},{"start":{"line":401,"column":2},"end":{"line":401,"column":2}}]},"40":{"line":405,"type":"if","locations":[{"start":{"line":405,"column":4},"end":{"line":405,"column":4}},{"start":{"line":405,"column":4},"end":{"line":405,"column":4}}]},"41":{"line":415,"type":"if","locations":[{"start":{"line":415,"column":2},"end":{"line":415,"column":2}},{"start":{"line":415,"column":2},"end":{"line":415,"column":2}}]},"42":{"line":421,"type":"binary-expr","locations":[{"start":{"line":421,"column":19},"end":{"line":421,"column":27}},{"start":{"line":421,"column":31},"end":{"line":421,"column":33}}]},"43":{"line":422,"type":"if","locations":[{"start":{"line":422,"column":4},"end":{"line":422,"column":4}},{"start":{"line":422,"column":4},"end":{"line":422,"column":4}}]},"44":{"line":430,"type":"binary-expr","locations":[{"start":{"line":430,"column":9},"end":{"line":430,"column":39}},{"start":{"line":430,"column":43},"end":{"line":430,"column":64}}]},"45":{"line":434,"type":"if","locations":[{"start":{"l
[...]
:{"line":24,"column":2},"end":{"line":24,"column":59}},"14":{"start":{"line":25,"column":2},"end":{"line":25,"column":35}},"15":{"start":{"line":26,"column":2},"end":{"line":32,"column":5}},"16":{"start":{"line":33,"column":2},"end":{"line":33,"column":9}},"17":{"start":{"line":36,"column":0},"end":{"line":52,"column":2}},"18":{"start":{"line":37,"column":2},"end":{"line":51,"column":3}},"19":{"start":{"line":38,"column":4},"end":{"line":38,"column":56}},"20":{"start":{"line":39,"column":4},"end":{"line":39,"column":11}},"21":{"start":{"line":41,"column":4},"end":{"line":50,"column":7}},"22":{"start":{"line":42,"column":6},"end":{"line":48,"column":7}},"23":{"start":{"line":43,"column":8},"end":{"line":43,"column":39}},"24":{"start":{"line":44,"column":13},"end":{"line":48,"column":7}},"25":{"start":{"line":45,"column":8},"end":{"line":45,"column":123}},"26":{"start":{"line":47,"column":8},"end":{"line":47,"column":55}},"27":{"start":{"line":49,"column":6},"end":{"line":49,"column":13}},"28":{"start":{"line":54,"column":0},"end":{"line":59,"column":2}},"29":{"start":{"line":55,"column":2},"end":{"line":58,"column":5}},"30":{"start":{"line":56,"column":4},"end":{"line":56,"column":50}},"31":{"start":{"line":57,"column":4},"end":{"line":57,"column":11}},"32":{"start":{"line":65,"column":0},"end":{"line":74,"column":2}},"33":{"start":{"line":66,"column":2},"end":{"line":73,"column":4}},"34":{"start":{"line":67,"column":4},"end":{"line":67,"column":43}},"35":{"start":{"line":68,"column":4},"end":{"line":72,"column":7}},"36":{"start":{"line":69,"column":6},"end":{"line":69,"column":63}},"37":{"start":{"line":70,"column":6},"end":{"line":70,"column":87}},"38":{"start":{"line":71,"column":6},"end":{"line":71,"column":13}},"39":{"start":{"line":76,"column":0},"end":{"line":82,"column":2}},"40":{"start":{"line":77,"column":2},"end":{"line":77,"column":31}},"41":{"start":{"line":78,"column":2},"end":{"line":81,"column":5}},"42":{"start":{"line":79,"column":4},"end":{"line":79,"column":50}},"43":{"start":{"line":80,"column":4},"end":{"line":80,"column":11}},"44":{"start":{"line":84,"column":0},"end":{"line":121,"column":2}},"45":{"start":{"line":86,"column":2},"end":{"line":88,"column":3}},"46":{"start":{"line":87,"column":4},"end":{"line":87,"column":24}},"47":{"start":{"line":91,"column":2},"end":{"line":120,"column":3}},"48":{"start":{"line":92,"column":4},"end":{"line":101,"column":7}},"49":{"start":{"line":93,"column":6},"end":{"line":99,"column":7}},"50":{"start":{"line":94,"column":8},"end":{"line":94,"column":39}},"51":{"start":{"line":95,"column":13},"end":{"line":99,"column":7}},"52":{"start":{"line":96,"column":8},"end":{"line":96,"column":60}},"53":{"start":{"line":98,"column":8},"end":{"line":98,"column":42}},"54":{"start":{"line":100,"column":6},"end":{"line":100,"column":13}},"55":{"start":{"line":104,"column":4},"end":{"line":119,"column":7}},"56":{"start":{"line":105,"column":6},"end":{"line":107,"column":7}},"57":{"start":{"line":106,"column":8},"end":{"line":106,"column":39}},"58":{"start":{"line":108,"column":6},"end":{"line":108,"column":65}},"59":{"start":{"line":109,"column":6},"end":{"line":112,"column":7}},"60":{"start":{"line":110,"column":8},"end":{"line":110,"column":47}},"61":{"start":{"line":111,"column":8},"end":{"line":111,"column":22}},"62":{"start":{"line":114,"column":6},"end":{"line":114,"column":32}},"63":{"start":{"line":115,"column":6},"end":{"line":118,"column":9}},"64":{"start":{"line":116,"column":8},"end":{"line":116,"column":54}},"65":{"start":{"line":117,"column":8},"end":{"line":117,"column":15}},"66":{"start":{"line":123,"column":0},"end":{"line":151,"column":2}},"67":{"start":{"line":125,"column":2},"end":{"line":150,"column":3}},"68":{"start":{"line":126,"column":4},"end":{"line":132,"column":7}},"69":{"start":{"line":127,"column":6},"end":{"line":129,"column":7}},"70":{"start":{"line":128,"column":8},"end":{"line":128,"column":39}},"71":{"start":{"line":130,"column":6},"end":{"line":130,"column":80}},"72":{"start":{"line":131,"column":6},"end":{"line":131,"column":13}},"73":{"start":{"line":135,"column":4},"end":{"line":149,"column":7}},"74":{"start":{"line":136,"column":6},"end":{"line":138,"column":7}},"75":{"start":{"line":137,"column":8},"end":{"line":137,"column":39}},"76":{"start":{"line":139,"column":6},"end":{"line":139,"column":65}},"77":{"start":{"line":140,"column":6},"end":{"line":143,"column":7}},"78":{"start":{"line":141,"column":8},"end":{"line":141,"column":47}},"79":{"start":{"line":142,"column":8},"end":{"line":142,"column":22}},"80":{"start":{"line":145,"column":6},"end":{"line":148,"column":9}},"81":{"start":{"line":146,"column":8},"end":{"line":146,"column":53}},"82":{"start":{"line":147,"column":8},"end":{"line":147,"column":15}},"83":{"start":{"line":156,"column":0},"end":{"line":167,"column":2}},"84":{"start":{"line":157,"column":2},"end":{"line":166,"column":4}},"85":{"start":{"line":168,"column":0},"end":{"line":175,"column":2}},"86":{"start":{"line":169,"column":2},"end":{"line":174,"column":4}},"87":{"start":{"line":176,"column":0},"end":{"line":183,"column":2}},"88":{"start":{"line":177,"column":2},"end":{"line":182,"column":4}},"89":{"start":{"line":184,"column":0},"end":{"line":191,"column":2}},"90":{"start":{"line":185,"column":2},"end":{"line":190,"column":4}},"91":{"start":{"line":200,"column":0},"end":{"line":206,"column":2}},"92":{"start":{"line":201,"column":2},"end":{"line":205,"column":3}},"93":{"start":{"line":202,"column":4},"end":{"line":202,"column":45}},"94":{"start":{"line":204,"column":4},"end":{"line":204,"column":46}},"95":{"start":{"line":208,"column":0},"end":{"line":211,"column":2}},"96":{"start":{"line":209,"column":2},"end":{"line":209,"column":38}},"97":{"start":{"line":210,"column":2},"end":{"line":210,"column":30}},"98":{"start":{"line":213,"column":0},"end":{"line":227,"column":1}},"99":{"start":{"line":214,"column":2},"end":{"line":214,"column":18}},"100":{"start":{"line":215,"column":2},"end":{"line":225,"column":3}},"101":{"start":{"line":216,"column":4},"end":{"line":216,"column":21}},"102":{"start":{"line":217,"column":4},"end":{"line":224,"column":5}},"103":{"start":{"line":218,"column":6},"end":{"line":220,"column":7}},"104":{"start":{"line":219,"column":8},"end":{"line":219,"column":43}},"105":{"start":{"line":221,"column":6},"end":{"line":223,"column":7}},"106":{"start":{"line":222,"column":8},"end":{"line":222,"column":64}},"107":{"start":{"line":226,"column":2},"end":{"line":226,"column":16}}},"branchMap":{"1":{"line":9,"type":"if","locations":[{"start":{"line":9,"column":2},"end":{"line":9,"column":2}},{"start":{"line":9,"column":2},"end":{"line":9,"column":2}}]},"2":{"line":10,"type":"if","locations":[{"start":{"line":10,"column":4},"end":{"line":10,"column":4}},{"start":{"line":10,"column":4},"end":{"line":10,"column":4}}]},"3":{"line":12,"type":"if","locations":[{"start":{"line":12,"column":11},"end":{"line":12,"column":11}},{"start":{"line":12,"column":11},"end":{"line":12,"column":11}}]},"4":{"line":12,"type":"binary-expr","locations":[{"start":{"line":12,"column":15},"end":{"line":12,"column":41}},{"start":{"line":12,"column":45},"end":{"line":12,"column":72}}]},"5":{"line":37,"type":"if","locations":[{"start":{"line":37,"column":2},"end":{"line":37,"column":2}},{"start":{"line":37,"column":2},"end":{"line":37,"column":2}}]},"6":{"line":37,"type":"binary-expr","locations":[{"start":{"line":37,"column":6},"end":{"line":37,"column":19}},{"start":{"line":37,"column":23},"end":{"line":37,"column":70}}]},"7":{"line":42,"type":"if","locations":[{"start":{"line":42,"column":6},"end":{"line":42,"column":6}},{"start":{"line":42,"column":6},"end":{"line":42,"column":6}}]},"8":{"line":44,"type":"if","locations":[{"start":{"line":44,"column":13},"end":{"line":44,"column":13}},{"start":{"line":44,"column":13},"end":{"line":44,"column":13}}]},"9":{"line":45,"type":"binary-expr","locations":[{"start":{"line":45,"column":39},"end":{"line":45,"column":44}},{"start":{"line":45,"column":48},"end":{"line":45,"column":72}}]},"10":{"line":45,"type":"cond-expr","locations":[{"start":{"line":45,"column":107},"end":{"line":45,"column":114}},{"start":{"line":45,"column":117},"end":{"line":45,"column":121}}]},"11":{"line":45,"type":"binary-expr","locations":[{"start":{"line":45,"column":80},"end":{"line":45,"column":84}},{"start":{"line":45,"column":88},"end":{"line":45,"column":103}}]},"12":{"line":69,"type":"cond-expr","locations":[{"start":{"line":69,"column":45},"end":{"line":69,"column":55}},{"start":{"line":69,"column":58},"end":{"line":69,"column":61}}]},"13":{"line":69,"type":"binary-expr","locations":[{"start":{"line":69,"column":24},"end":{"line":69,"column":27}},{"start":{"line":69,"column":31},"end":{"line":69,"column":41}}]},"14":{"line":70,"type":"binary-expr","locations":[{"start":{"line":70,"column":54},"end":{"line":70,"column":57}},{"start":{"line":70,"column":61},"end":{"line":70,"column":78}},{"start":{"line":70,"column":83},"end":{"line":70,"column":85}}]},"15":{"line":86,"type":"if","locations":[{"start":{"line":86,"column":2},"end":{"line":86,"column":2}},{"start":{"line":86,"column":2},"end":{"line":86,"column":2}}]},"16":{"line":86,"type":"binary-expr","locations":[{"start":{"line":86,"column":6},"end":{"line":86,"column":18}},{"start":{"line":86,"column":22},"end":{"line":86,"column":52}}]},"17":{"line":91,"type":"if","locations":[{"start":{"line":91,"column":2},"end":{"line":91,"column":2}},{"start":{"line":91,"column":2},"end":{"line":91,"column":2}}]},"18":{"line":93,"type":"if","locations":[{"start":{"line":93,"column":6},"end":{"line":93,"column":6}},{"start":{"line":93,"column":6},"end":{"line":93,"column":6}}]},"19":{"line":95,"type":"if","locations":[{"start":{"line":95,"column":13},"end":{"line":95,"column":13}},{"start":{"line":95,"column":13},"end":{"line":95,"column":13}}]},"20":{"line":105,"type":"if","locations":[{"start":{"line":105,"column":6},"end":{"line":105,"column":6}},{"start":{"line":105,"column":6},"end":{"line":105,"column":6}}]},"21":{"line":108,"type":"binary-expr","locations":[{"start":{"line":108,"column":24},"end":{"line":108,"column":36}},{"start":{"line":108,"column":40},"end":{"line":108,"column":64}}]},"22":{"line":109,"type":"if","locations":[{"start":{"line":109,"column":6},"end":{"line":109,"column":6}},{"start":{"line":109,"column":6},"end":{"line":109,"column":6}}]},"23":{"line":125,"type":"if","locations":[{"start":{"line":125,"column":2},"end":{"line":125,"column":2}},{"start":{"line":125,"column":2},"end":{"line":125,"column":2}}]},"24":{"line":127,"type":"if","locations":[{"start":{"line":127,"column":6},"end":{"line":127,"column":6}},{"start":{"line":127,"column":6},"end":{"line":127,"column":6}}]},"25":{"line":130,"type":"binary-expr","locations":[{"start":{"line":130,"column":37},"end":{"line":130,"column":41}},{"start":{"line":130,"column":45},"end":{"line":130,"column":69}}]},"26":{"line":136,"type":"if","locations":[{"start":{"line":136,"column":6},"end":{"line":136,"column":6}},{"start":{"line":136,"column":6},"end":{"line":136,"column":6}}]},"27":{"line":139,"type":"binary-expr","locations":[{"start":{"line":139,"column":24},"end":{"line":139,"column":36}},{"start":{"line":139,"column":40},"end":{"line":139,"column":64}}]},"28":{"line":140,"type":"if","locations":[{"start":{"line":140,"column":6},"end":{"line":140,"column":6}},{"start":{"line":140,"column":6},"end":{"line":140,"column":6}}]},"29":{"line":189,"type":"binary-expr","locations":[{"start":{"line":189,"column":12},"end":{"line":189,"column":18}},{"start":{"line":189,"column":22},"end":{"line":189,"column":48}}]},"30":{"line":201,"type":"if","locations":[{"start":{"line":201,"column":2},"end":{"line":201,"column":2}},{"start":{"line":201,"column":2},"end":{"line":201,"column":2}}]},"31":{"line":218,"type":"if","locations":[{"start":{"line":218,"column":6},"end":{"line":218,"column":6}},{"start":{"line":218,"column":6},"end":{"line":218,"column":6}}]},"32":{"line":221,"type":"if","locations":[{"start":{"line":221,"column":6},"end":{"line":221,"column":6}},{"start":{"line":221,"column":6},"end":{"line":221,"column":6}}]}},"code":["var _ = require('underscore');","var mongoose = require('mongoose');","","/*"," * The last handler to be called in the chain of middleware"," * This figures out what response format it should be in and sends it"," */","exports.last = function(req, res, next) {","  if (res.locals.bundle) {","    if (req.body.format === 'js') {","      return res.send(res.locals.bundle);","    } else if (req.body.format === 'html' || req.query.format === 'html') {","      return res.render(this.templateRoot + '/' + req.templatePath, res.locals.bundle);","    } else {","      return res.status(res.locals.status_code).json(res.locals.bundle);","    }","  }","  res.send();","};","","exports.schema = function(req, res, next) {","  // We can mount a model to multiple apps, so we need to get the base url from the request url","  var baseuri = req.url.split('/');","  baseuri = baseuri.slice(0, baseuri.length - 1).join('/');","  var detailuri = baseuri + '/:id';","  exports.respond(res, 200, {","    resource: this.modelName,","    allowed_methods: Object.keys(this.allowed_methods),","    list_uri: baseuri,","    detail_uri: detailuri,","    fields: keep(this.schema.paths, ['regExp', 'path', 'instance', 'isRequired'])","  });","  next();","};","","exports.get = function(req, res, next) {","  if (req.params.id && !mongoose.Types.ObjectId.isValid(req.params.id)) {","    exports.respond(res, 404, exports.objectNotFound());","    next();","  } else {","    req.quer.exec(function(err, list) {","      if (err) {","        exports.respond(res, 500, err);","      } else if (req.params.id) {","        exports.respondOrErr(res, 404, !list && exports.objectNotFound(), 200, (list && _.isArray(list)) ? list[0] : list);","      } else {","        exports.respondOrErr(res, 500, err, 200, list);","      }","      next();","    });","  }","};","","exports.getDetail = function(req, res, next) {","  req.quer.exec(function(err, one) {","    exports.respondOrErr(res, 500, err, 200, one);","    next();","  });","};","","/**"," * Generates a handler that returns the object at @param pathName"," * where pathName is the path to an objectId field"," */","exports.getPath = function(pathName) {","  return function(req, res, next) {","    req.quer = req.quer.populate(pathName);","    req.quer.exec(function(err, one) {","      var errStatus = ((err && err.status) ? err.status : 500);","      exports.respondOrErr(res, errStatus, err, 200, (one && one.get(pathName)) || {});","      next();","    });","  };","};","","exports.post = function(req, res, next) {","  var obj = new this(req.body);","  obj.save(function(err) {","    exports.respondOrErr(res, 400, err, 201, obj);","    next();","  });","};","","exports.put = function(req, res, next) {","  // Remove immutable ObjectId from update attributes to prevent request failure","  if (req.body._id && req.body._id === req.params.id) {","    delete req.body._id;","  }","","  // Update in 1 atomic operation on the database if not specified otherwise","  if (this.shouldUseAtomicUpdate) {","    req.quer.findOneAndUpdate({}, req.body, this.update_options, function(err, newObj) {","      if (err) {","        exports.respond(res, 500, err);","      } else if (!newObj) {","        exports.respond(res, 404, exports.objectNotFound());","      } else {","        exports.respond(res, 200, newObj);","      }","      next();","    });","  } else {","    // Preform the update in two operations allowing mongoose to fire its schema update hook","    req.quer.findOne({\"_id\": req.params.id}, function(err, docToUpdate) {","      if (err) {","        exports.respond(res, 500, err);","      }","      var objNotFound = !docToUpdate && exports.objectNotFound();","      if (objNotFound) {","        exports.respond(res, 404, objNotFound);","        return next();","      }","","      docToUpdate.set(req.body);","      docToUpdate.save(function (err, obj) {","        exports.respondOrErr(res, 400, err, 200, obj);","        next();","      });","    });","  }","};","","exports.delete = function(req, res, next) {","  // Delete in 1 atomic operation on the database if not specified otherwise","  if (this.shouldUseAtomicUpdate) {","    req.quer.findOneAndRemove({}, this.delete_options, function(err, obj) {","      if (err) {","        exports.respond(res, 500, err);","      }","      exports.respondOrErr(res, 404, !obj && exports.objectNotFound(), 204, {});","      next();","    });","  } else {","    // Preform the remove in two steps allowing mongoose to fire its schema update hook","    req.quer.findOne({\"_id\": req.params.id}, function(err, docToRemove) {","      if (err) {","        exports.respond(res, 500, err);","      }","      var objNotFound = !docToRemove && exports.objectNotFound();","      if (objNotFound) {","        exports.respond(res, 404, objNotFound);","        return next();","      }","","      docToRemove.remove(function (err, obj) {","        exports.respondOrErr(res, 400, err, 204, {});","        next();","      });","    });","  }","};","","// I'm going to leave these here because it might be nice to have standardized","// error messages for common failures","","exports.objectNotFound = function() {","  return {","    status: 404,","    message: 'Object not found',","    name: 'ObjectNotFound',","    errors: {","      _id: {","        message: \"Could not find object with specified attributes\"","      }","    }","  };","};","exports.respond404 = function() {","  return {","    status: 404,","    message: 'Page Not Found',","    name: \"PageNotFound\",","    errors: 'Endpoint not found for model ' + this.modelName","  };","};","exports.authFailure = function() {","  return {","    status: 401,","    message: 'Unauthorized',","    name: \"Unauthorized\",","    errors: 'Operation not authorzed on ' + this.modelName","  };","};","exports.badRequest = function(errobj) {","  return {","    status: 400,","    message: 'Bad Request',","    name: \"BadRequest\",","    errors: errobj || \"Your request was invalid\"","  };","};","","/**"," * Takes a response, error, success statusCode and success payload"," *"," * If there is an error, it returns a 400 with the error as the payload"," * If there is no error, it returns statusCode with the specified payload"," *"," */","exports.respondOrErr = function(res, errStatusCode, err, statusCode, content) {","  if (err) {","    exports.respond(res, errStatusCode, err);","  } else {","    exports.respond(res, statusCode, content);","  }","};","","exports.respond = function(res, statusCode, content) {","  res.locals.status_code = statusCode;","  res.locals.bundle = content;","};","","function keep(obj, keepers) {","  var result = {};","  for (var key in obj) {","    result[key] = {};","    for (var key2 in obj[key]) {","      if (keepers.indexOf(key2) > -1) {","        result[key][key2] = obj[key][key2];","      }","      if ('schema' === key2) {","        result[key][key2] = keep(obj[key][key2].paths, keepers);","      }","    }","  }","  return result;","}",""],"l":{"1":1,"2":1,"8":1,"9":0,"10":0,"11":0,"12":0,"13":0,"15":0,"18":0,"21":1,"23":0,"24":0,"25":0,"26":0,"33":0,"36":1,"37":0,"38":0,"39":0,"41":0,"42":0,"43":0,"44":0,"45":0,"47":0,"49":0,"54":1,"55":0,"56":0,"57":0,"65":1,"66":0,"67":0,"68":0,"69":0,"70":0,"71":0,"76":1,"77":0,"78":0,"79":0,"80":0,"84":1,"86":0,"87":0,"91":0,"92":0,"93":0,"94":0,"95":0,"96":0,"98":0,"100":0,"104":0,"105":0,"106":0,"108":0,"109":0,"110":0,"111":0,"114":0,"115":0,"116":0,"117":0,"123":1,"125":0,"126":0,"127":0,"128":0,"130":0,"131":0,"135":0,"136":0,"137":0,"139":0,"140":0,"141":0,"142":0,"145":0,"146":0,"147":0,"156":1,"157":0,"168":1,"169":0,"176":1,"177":0,"184":1,"185":0,"200":1,"201":0,"202":0,"204":0,"208":1,"209":0,"210":0,"213":1,"214":0,"215":0,"216":0,"217":0,"218":0,"219":0,"221":0,"222":0,"226":0}}}